<?xml version="1.0" encoding="UTF-8"?>
<testng-results skipped="0" failed="0" total="34" passed="34">
  <reporter-output>
  </reporter-output>
  <suite name="Default suite" duration-ms="297" started-at="2014-11-20T06:08:33Z" finished-at="2014-11-20T06:08:33Z">
    <groups>
      <group name="functional-test">
        <method signature="CalculatorTestAdd.testAdd4()[pri:0, instance:test.CalculatorTestAdd@1ffb7d4]" name="testAdd4" class="test.CalculatorTestAdd"/>
      </group> <!-- functional-test -->
      <group name="unit-test">
        <method signature="CalculatorTestAdd.testAdd4()[pri:0, instance:test.CalculatorTestAdd@1ffb7d4]" name="testAdd4" class="test.CalculatorTestAdd"/>
      </group> <!-- unit-test -->
    </groups>
    <test name="Default test" duration-ms="297" started-at="2014-11-20T06:08:33Z" finished-at="2014-11-20T06:08:33Z">
      <class name="test.CalculatorTestAdd">
        <test-method status="PASS" signature="setUpBeforeClass()[pri:0, instance:test.CalculatorTestAdd@1ffb7d4]" name="setUpBeforeClass" is-config="true" duration-ms="32" started-at="2014-11-20T11:38:33Z" finished-at="2014-11-20T11:38:33Z">
          <reporter-output>
          </reporter-output>
        </test-method> <!-- setUpBeforeClass -->
        <test-method status="PASS" signature="setUpBeforeMethod()[pri:0, instance:test.CalculatorTestAdd@1ffb7d4]" name="setUpBeforeMethod" is-config="true" duration-ms="0" started-at="2014-11-20T11:38:33Z" finished-at="2014-11-20T11:38:33Z">
          <reporter-output>
          </reporter-output>
        </test-method> <!-- setUpBeforeMethod -->
        <test-method status="PASS" signature="concurrencyTest()[pri:0, instance:test.CalculatorTestAdd@1ffb7d4]" name="concurrencyTest" duration-ms="47" started-at="2014-11-20T11:38:33Z" finished-at="2014-11-20T11:38:33Z">
          <reporter-output>
          </reporter-output>
        </test-method> <!-- concurrencyTest -->
        <test-method status="PASS" signature="concurrencyTest()[pri:0, instance:test.CalculatorTestAdd@1ffb7d4]" name="concurrencyTest" duration-ms="16" started-at="2014-11-20T11:38:33Z" finished-at="2014-11-20T11:38:33Z">
          <reporter-output>
          </reporter-output>
        </test-method> <!-- concurrencyTest -->
        <test-method status="PASS" signature="setUpBeforeMethod()[pri:0, instance:test.CalculatorTestAdd@1ffb7d4]" name="setUpBeforeMethod" is-config="true" duration-ms="0" started-at="2014-11-20T11:38:33Z" finished-at="2014-11-20T11:38:33Z">
          <reporter-output>
          </reporter-output>
        </test-method> <!-- setUpBeforeMethod -->
        <test-method status="PASS" signature="setUpBeforeMethod()[pri:0, instance:test.CalculatorTestAdd@1ffb7d4]" name="setUpBeforeMethod" is-config="true" duration-ms="0" started-at="2014-11-20T11:38:33Z" finished-at="2014-11-20T11:38:33Z">
          <reporter-output>
          </reporter-output>
        </test-method> <!-- setUpBeforeMethod -->
        <test-method status="PASS" signature="concurrencyTest()[pri:0, instance:test.CalculatorTestAdd@1ffb7d4]" name="concurrencyTest" duration-ms="31" started-at="2014-11-20T11:38:33Z" finished-at="2014-11-20T11:38:33Z">
          <reporter-output>
          </reporter-output>
        </test-method> <!-- concurrencyTest -->
        <test-method status="PASS" signature="concurrencyTest()[pri:0, instance:test.CalculatorTestAdd@1ffb7d4]" name="concurrencyTest" duration-ms="0" started-at="2014-11-20T11:38:33Z" finished-at="2014-11-20T11:38:33Z">
          <reporter-output>
          </reporter-output>
        </test-method> <!-- concurrencyTest -->
        <test-method status="PASS" signature="concurrencyTest()[pri:0, instance:test.CalculatorTestAdd@1ffb7d4]" name="concurrencyTest" duration-ms="15" started-at="2014-11-20T11:38:33Z" finished-at="2014-11-20T11:38:33Z">
          <reporter-output>
          </reporter-output>
        </test-method> <!-- concurrencyTest -->
        <test-method status="PASS" signature="setUpBeforeMethod()[pri:0, instance:test.CalculatorTestAdd@1ffb7d4]" name="setUpBeforeMethod" is-config="true" duration-ms="0" started-at="2014-11-20T11:38:33Z" finished-at="2014-11-20T11:38:33Z">
          <reporter-output>
          </reporter-output>
        </test-method> <!-- setUpBeforeMethod -->
        <test-method status="PASS" signature="concurrencyTest()[pri:0, instance:test.CalculatorTestAdd@1ffb7d4]" name="concurrencyTest" duration-ms="0" started-at="2014-11-20T11:38:33Z" finished-at="2014-11-20T11:38:33Z">
          <reporter-output>
          </reporter-output>
        </test-method> <!-- concurrencyTest -->
        <test-method status="PASS" signature="setUpBeforeMethod()[pri:0, instance:test.CalculatorTestAdd@1ffb7d4]" name="setUpBeforeMethod" is-config="true" duration-ms="0" started-at="2014-11-20T11:38:33Z" finished-at="2014-11-20T11:38:33Z">
          <reporter-output>
          </reporter-output>
        </test-method> <!-- setUpBeforeMethod -->
        <test-method status="PASS" signature="setUpBeforeMethod()[pri:0, instance:test.CalculatorTestAdd@1ffb7d4]" name="setUpBeforeMethod" is-config="true" duration-ms="0" started-at="2014-11-20T11:38:33Z" finished-at="2014-11-20T11:38:33Z">
          <reporter-output>
          </reporter-output>
        </test-method> <!-- setUpBeforeMethod -->
        <test-method status="PASS" signature="tearDownAfterMethod()[pri:0, instance:test.CalculatorTestAdd@1ffb7d4]" name="tearDownAfterMethod" is-config="true" duration-ms="0" started-at="2014-11-20T11:38:33Z" finished-at="2014-11-20T11:38:33Z">
          <reporter-output>
          </reporter-output>
        </test-method> <!-- tearDownAfterMethod -->
        <test-method status="PASS" signature="tearDownAfterMethod()[pri:0, instance:test.CalculatorTestAdd@1ffb7d4]" name="tearDownAfterMethod" is-config="true" duration-ms="0" started-at="2014-11-20T11:38:33Z" finished-at="2014-11-20T11:38:33Z">
          <reporter-output>
          </reporter-output>
        </test-method> <!-- tearDownAfterMethod -->
        <test-method status="PASS" signature="tearDownAfterMethod()[pri:0, instance:test.CalculatorTestAdd@1ffb7d4]" name="tearDownAfterMethod" is-config="true" duration-ms="0" started-at="2014-11-20T11:38:33Z" finished-at="2014-11-20T11:38:33Z">
          <reporter-output>
          </reporter-output>
        </test-method> <!-- tearDownAfterMethod -->
        <test-method status="PASS" signature="tearDownAfterMethod()[pri:0, instance:test.CalculatorTestAdd@1ffb7d4]" name="tearDownAfterMethod" is-config="true" duration-ms="0" started-at="2014-11-20T11:38:33Z" finished-at="2014-11-20T11:38:33Z">
          <reporter-output>
          </reporter-output>
        </test-method> <!-- tearDownAfterMethod -->
        <test-method status="PASS" signature="concurrencyTest()[pri:0, instance:test.CalculatorTestAdd@1ffb7d4]" name="concurrencyTest" duration-ms="0" started-at="2014-11-20T11:38:33Z" finished-at="2014-11-20T11:38:33Z">
          <reporter-output>
          </reporter-output>
        </test-method> <!-- concurrencyTest -->
        <test-method status="PASS" signature="setUpBeforeMethod()[pri:0, instance:test.CalculatorTestAdd@1ffb7d4]" name="setUpBeforeMethod" is-config="true" duration-ms="0" started-at="2014-11-20T11:38:33Z" finished-at="2014-11-20T11:38:33Z">
          <reporter-output>
          </reporter-output>
        </test-method> <!-- setUpBeforeMethod -->
        <test-method status="PASS" signature="setUpBeforeMethod()[pri:0, instance:test.CalculatorTestAdd@1ffb7d4]" name="setUpBeforeMethod" is-config="true" duration-ms="0" started-at="2014-11-20T11:38:33Z" finished-at="2014-11-20T11:38:33Z">
          <reporter-output>
          </reporter-output>
        </test-method> <!-- setUpBeforeMethod -->
        <test-method status="PASS" signature="setUpBeforeMethod()[pri:0, instance:test.CalculatorTestAdd@1ffb7d4]" name="setUpBeforeMethod" is-config="true" duration-ms="0" started-at="2014-11-20T11:38:33Z" finished-at="2014-11-20T11:38:33Z">
          <reporter-output>
          </reporter-output>
        </test-method> <!-- setUpBeforeMethod -->
        <test-method status="PASS" signature="concurrencyTest()[pri:0, instance:test.CalculatorTestAdd@1ffb7d4]" name="concurrencyTest" duration-ms="16" started-at="2014-11-20T11:38:33Z" finished-at="2014-11-20T11:38:33Z">
          <reporter-output>
          </reporter-output>
        </test-method> <!-- concurrencyTest -->
        <test-method status="PASS" signature="tearDownAfterMethod()[pri:0, instance:test.CalculatorTestAdd@1ffb7d4]" name="tearDownAfterMethod" is-config="true" duration-ms="0" started-at="2014-11-20T11:38:33Z" finished-at="2014-11-20T11:38:33Z">
          <reporter-output>
          </reporter-output>
        </test-method> <!-- tearDownAfterMethod -->
        <test-method status="PASS" signature="tearDownAfterMethod()[pri:0, instance:test.CalculatorTestAdd@1ffb7d4]" name="tearDownAfterMethod" is-config="true" duration-ms="0" started-at="2014-11-20T11:38:33Z" finished-at="2014-11-20T11:38:33Z">
          <reporter-output>
          </reporter-output>
        </test-method> <!-- tearDownAfterMethod -->
        <test-method status="PASS" signature="concurrencyTest()[pri:0, instance:test.CalculatorTestAdd@1ffb7d4]" name="concurrencyTest" duration-ms="0" started-at="2014-11-20T11:38:33Z" finished-at="2014-11-20T11:38:33Z">
          <reporter-output>
          </reporter-output>
        </test-method> <!-- concurrencyTest -->
        <test-method status="PASS" signature="setUpBeforeMethod()[pri:0, instance:test.CalculatorTestAdd@1ffb7d4]" name="setUpBeforeMethod" is-config="true" duration-ms="0" started-at="2014-11-20T11:38:33Z" finished-at="2014-11-20T11:38:33Z">
          <reporter-output>
          </reporter-output>
        </test-method> <!-- setUpBeforeMethod -->
        <test-method status="PASS" signature="setUpBeforeMethod()[pri:0, instance:test.CalculatorTestAdd@1ffb7d4]" name="setUpBeforeMethod" is-config="true" duration-ms="0" started-at="2014-11-20T11:38:33Z" finished-at="2014-11-20T11:38:33Z">
          <reporter-output>
          </reporter-output>
        </test-method> <!-- setUpBeforeMethod -->
        <test-method status="PASS" signature="concurrencyTest()[pri:0, instance:test.CalculatorTestAdd@1ffb7d4]" name="concurrencyTest" duration-ms="15" started-at="2014-11-20T11:38:33Z" finished-at="2014-11-20T11:38:33Z">
          <reporter-output>
          </reporter-output>
        </test-method> <!-- concurrencyTest -->
        <test-method status="PASS" signature="concurrencyTest()[pri:0, instance:test.CalculatorTestAdd@1ffb7d4]" name="concurrencyTest" duration-ms="0" started-at="2014-11-20T11:38:33Z" finished-at="2014-11-20T11:38:33Z">
          <reporter-output>
          </reporter-output>
        </test-method> <!-- concurrencyTest -->
        <test-method status="PASS" signature="concurrencyTest()[pri:0, instance:test.CalculatorTestAdd@1ffb7d4]" name="concurrencyTest" duration-ms="0" started-at="2014-11-20T11:38:33Z" finished-at="2014-11-20T11:38:33Z">
          <reporter-output>
          </reporter-output>
        </test-method> <!-- concurrencyTest -->
        <test-method status="PASS" signature="tearDownAfterMethod()[pri:0, instance:test.CalculatorTestAdd@1ffb7d4]" name="tearDownAfterMethod" is-config="true" duration-ms="0" started-at="2014-11-20T11:38:33Z" finished-at="2014-11-20T11:38:33Z">
          <reporter-output>
          </reporter-output>
        </test-method> <!-- tearDownAfterMethod -->
        <test-method status="PASS" signature="setUpBeforeMethod()[pri:0, instance:test.CalculatorTestAdd@1ffb7d4]" name="setUpBeforeMethod" is-config="true" duration-ms="0" started-at="2014-11-20T11:38:33Z" finished-at="2014-11-20T11:38:33Z">
          <reporter-output>
          </reporter-output>
        </test-method> <!-- setUpBeforeMethod -->
        <test-method status="PASS" signature="tearDownAfterMethod()[pri:0, instance:test.CalculatorTestAdd@1ffb7d4]" name="tearDownAfterMethod" is-config="true" duration-ms="0" started-at="2014-11-20T11:38:33Z" finished-at="2014-11-20T11:38:33Z">
          <reporter-output>
          </reporter-output>
        </test-method> <!-- tearDownAfterMethod -->
        <test-method status="PASS" signature="concurrencyTest()[pri:0, instance:test.CalculatorTestAdd@1ffb7d4]" name="concurrencyTest" duration-ms="0" started-at="2014-11-20T11:38:33Z" finished-at="2014-11-20T11:38:33Z">
          <reporter-output>
          </reporter-output>
        </test-method> <!-- concurrencyTest -->
        <test-method status="PASS" signature="concurrencyTest()[pri:0, instance:test.CalculatorTestAdd@1ffb7d4]" name="concurrencyTest" duration-ms="15" started-at="2014-11-20T11:38:33Z" finished-at="2014-11-20T11:38:33Z">
          <reporter-output>
          </reporter-output>
        </test-method> <!-- concurrencyTest -->
        <test-method status="PASS" signature="setUpBeforeMethod()[pri:0, instance:test.CalculatorTestAdd@1ffb7d4]" name="setUpBeforeMethod" is-config="true" duration-ms="0" started-at="2014-11-20T11:38:33Z" finished-at="2014-11-20T11:38:33Z">
          <reporter-output>
          </reporter-output>
        </test-method> <!-- setUpBeforeMethod -->
        <test-method status="PASS" signature="setUpBeforeMethod()[pri:0, instance:test.CalculatorTestAdd@1ffb7d4]" name="setUpBeforeMethod" is-config="true" duration-ms="0" started-at="2014-11-20T11:38:33Z" finished-at="2014-11-20T11:38:33Z">
          <reporter-output>
          </reporter-output>
        </test-method> <!-- setUpBeforeMethod -->
        <test-method status="PASS" signature="tearDownAfterMethod()[pri:0, instance:test.CalculatorTestAdd@1ffb7d4]" name="tearDownAfterMethod" is-config="true" duration-ms="0" started-at="2014-11-20T11:38:33Z" finished-at="2014-11-20T11:38:33Z">
          <reporter-output>
          </reporter-output>
        </test-method> <!-- tearDownAfterMethod -->
        <test-method status="PASS" signature="tearDownAfterMethod()[pri:0, instance:test.CalculatorTestAdd@1ffb7d4]" name="tearDownAfterMethod" is-config="true" duration-ms="0" started-at="2014-11-20T11:38:33Z" finished-at="2014-11-20T11:38:33Z">
          <reporter-output>
          </reporter-output>
        </test-method> <!-- tearDownAfterMethod -->
        <test-method status="PASS" signature="setUpBeforeMethod()[pri:0, instance:test.CalculatorTestAdd@1ffb7d4]" name="setUpBeforeMethod" is-config="true" duration-ms="0" started-at="2014-11-20T11:38:33Z" finished-at="2014-11-20T11:38:33Z">
          <reporter-output>
          </reporter-output>
        </test-method> <!-- setUpBeforeMethod -->
        <test-method status="PASS" signature="tearDownAfterMethod()[pri:0, instance:test.CalculatorTestAdd@1ffb7d4]" name="tearDownAfterMethod" is-config="true" duration-ms="0" started-at="2014-11-20T11:38:33Z" finished-at="2014-11-20T11:38:33Z">
          <reporter-output>
          </reporter-output>
        </test-method> <!-- tearDownAfterMethod -->
        <test-method status="PASS" signature="tearDownAfterMethod()[pri:0, instance:test.CalculatorTestAdd@1ffb7d4]" name="tearDownAfterMethod" is-config="true" duration-ms="0" started-at="2014-11-20T11:38:33Z" finished-at="2014-11-20T11:38:33Z">
          <reporter-output>
          </reporter-output>
        </test-method> <!-- tearDownAfterMethod -->
        <test-method status="PASS" signature="concurrencyTest()[pri:0, instance:test.CalculatorTestAdd@1ffb7d4]" name="concurrencyTest" duration-ms="0" started-at="2014-11-20T11:38:33Z" finished-at="2014-11-20T11:38:33Z">
          <reporter-output>
          </reporter-output>
        </test-method> <!-- concurrencyTest -->
        <test-method status="PASS" signature="concurrencyTest()[pri:0, instance:test.CalculatorTestAdd@1ffb7d4]" name="concurrencyTest" duration-ms="0" started-at="2014-11-20T11:38:33Z" finished-at="2014-11-20T11:38:33Z">
          <reporter-output>
          </reporter-output>
        </test-method> <!-- concurrencyTest -->
        <test-method status="PASS" signature="tearDownAfterMethod()[pri:0, instance:test.CalculatorTestAdd@1ffb7d4]" name="tearDownAfterMethod" is-config="true" duration-ms="0" started-at="2014-11-20T11:38:33Z" finished-at="2014-11-20T11:38:33Z">
          <reporter-output>
          </reporter-output>
        </test-method> <!-- tearDownAfterMethod -->
        <test-method status="PASS" signature="tearDownAfterMethod()[pri:0, instance:test.CalculatorTestAdd@1ffb7d4]" name="tearDownAfterMethod" is-config="true" duration-ms="0" started-at="2014-11-20T11:38:33Z" finished-at="2014-11-20T11:38:33Z">
          <reporter-output>
          </reporter-output>
        </test-method> <!-- tearDownAfterMethod -->
        <test-method status="PASS" signature="setUpBeforeMethod()[pri:0, instance:test.CalculatorTestAdd@1ffb7d4]" name="setUpBeforeMethod" is-config="true" duration-ms="0" started-at="2014-11-20T11:38:33Z" finished-at="2014-11-20T11:38:33Z">
          <reporter-output>
          </reporter-output>
        </test-method> <!-- setUpBeforeMethod -->
        <test-method status="PASS" signature="tearDownAfterMethod()[pri:0, instance:test.CalculatorTestAdd@1ffb7d4]" name="tearDownAfterMethod" is-config="true" duration-ms="0" started-at="2014-11-20T11:38:33Z" finished-at="2014-11-20T11:38:33Z">
          <reporter-output>
          </reporter-output>
        </test-method> <!-- tearDownAfterMethod -->
        <test-method status="PASS" signature="setUpBeforeMethod()[pri:0, instance:test.CalculatorTestAdd@1ffb7d4]" name="setUpBeforeMethod" is-config="true" duration-ms="0" started-at="2014-11-20T11:38:33Z" finished-at="2014-11-20T11:38:33Z">
          <reporter-output>
          </reporter-output>
        </test-method> <!-- setUpBeforeMethod -->
        <test-method status="PASS" signature="concurrencyTest()[pri:0, instance:test.CalculatorTestAdd@1ffb7d4]" name="concurrencyTest" duration-ms="0" started-at="2014-11-20T11:38:33Z" finished-at="2014-11-20T11:38:33Z">
          <reporter-output>
          </reporter-output>
        </test-method> <!-- concurrencyTest -->
        <test-method status="PASS" signature="tearDownAfterMethod()[pri:0, instance:test.CalculatorTestAdd@1ffb7d4]" name="tearDownAfterMethod" is-config="true" duration-ms="0" started-at="2014-11-20T11:38:33Z" finished-at="2014-11-20T11:38:33Z">
          <reporter-output>
          </reporter-output>
        </test-method> <!-- tearDownAfterMethod -->
        <test-method status="PASS" signature="tearDownAfterMethod()[pri:0, instance:test.CalculatorTestAdd@1ffb7d4]" name="tearDownAfterMethod" is-config="true" duration-ms="0" started-at="2014-11-20T11:38:33Z" finished-at="2014-11-20T11:38:33Z">
          <reporter-output>
          </reporter-output>
        </test-method> <!-- tearDownAfterMethod -->
        <test-method status="PASS" signature="tearDownAfterMethod()[pri:0, instance:test.CalculatorTestAdd@1ffb7d4]" name="tearDownAfterMethod" is-config="true" duration-ms="0" started-at="2014-11-20T11:38:33Z" finished-at="2014-11-20T11:38:33Z">
          <reporter-output>
          </reporter-output>
        </test-method> <!-- tearDownAfterMethod -->
        <test-method status="PASS" signature="setUpBeforeMethod()[pri:0, instance:test.CalculatorTestAdd@1ffb7d4]" name="setUpBeforeMethod" is-config="true" duration-ms="0" started-at="2014-11-20T11:38:33Z" finished-at="2014-11-20T11:38:33Z">
          <reporter-output>
          </reporter-output>
        </test-method> <!-- setUpBeforeMethod -->
        <test-method status="PASS" signature="tearDownAfterMethod()[pri:0, instance:test.CalculatorTestAdd@1ffb7d4]" name="tearDownAfterMethod" is-config="true" duration-ms="0" started-at="2014-11-20T11:38:33Z" finished-at="2014-11-20T11:38:33Z">
          <reporter-output>
          </reporter-output>
        </test-method> <!-- tearDownAfterMethod -->
        <test-method status="PASS" signature="concurrencyTest()[pri:0, instance:test.CalculatorTestAdd@1ffb7d4]" name="concurrencyTest" duration-ms="0" started-at="2014-11-20T11:38:33Z" finished-at="2014-11-20T11:38:33Z">
          <reporter-output>
          </reporter-output>
        </test-method> <!-- concurrencyTest -->
        <test-method status="PASS" signature="tearDownAfterMethod()[pri:0, instance:test.CalculatorTestAdd@1ffb7d4]" name="tearDownAfterMethod" is-config="true" duration-ms="0" started-at="2014-11-20T11:38:33Z" finished-at="2014-11-20T11:38:33Z">
          <reporter-output>
          </reporter-output>
        </test-method> <!-- tearDownAfterMethod -->
        <test-method status="PASS" signature="setUpBeforeMethod()[pri:0, instance:test.CalculatorTestAdd@1ffb7d4]" name="setUpBeforeMethod" is-config="true" duration-ms="0" started-at="2014-11-20T11:38:33Z" finished-at="2014-11-20T11:38:33Z">
          <reporter-output>
          </reporter-output>
        </test-method> <!-- setUpBeforeMethod -->
        <test-method status="PASS" signature="concurrencyTest()[pri:0, instance:test.CalculatorTestAdd@1ffb7d4]" name="concurrencyTest" duration-ms="0" started-at="2014-11-20T11:38:33Z" finished-at="2014-11-20T11:38:33Z">
          <reporter-output>
          </reporter-output>
        </test-method> <!-- concurrencyTest -->
        <test-method status="PASS" signature="setUpBeforeMethod()[pri:0, instance:test.CalculatorTestAdd@1ffb7d4]" name="setUpBeforeMethod" is-config="true" duration-ms="0" started-at="2014-11-20T11:38:33Z" finished-at="2014-11-20T11:38:33Z">
          <reporter-output>
          </reporter-output>
        </test-method> <!-- setUpBeforeMethod -->
        <test-method status="PASS" signature="concurrencyTest()[pri:0, instance:test.CalculatorTestAdd@1ffb7d4]" name="concurrencyTest" duration-ms="0" started-at="2014-11-20T11:38:33Z" finished-at="2014-11-20T11:38:33Z">
          <reporter-output>
          </reporter-output>
        </test-method> <!-- concurrencyTest -->
        <test-method status="PASS" signature="setUpBeforeMethod()[pri:0, instance:test.CalculatorTestAdd@1ffb7d4]" name="setUpBeforeMethod" is-config="true" duration-ms="0" started-at="2014-11-20T11:38:33Z" finished-at="2014-11-20T11:38:33Z">
          <reporter-output>
          </reporter-output>
        </test-method> <!-- setUpBeforeMethod -->
        <test-method status="PASS" signature="exceptionTest()[pri:0, instance:test.CalculatorTestAdd@1ffb7d4]" name="exceptionTest" duration-ms="0" started-at="2014-11-20T11:38:33Z" finished-at="2014-11-20T11:38:33Z">
          <exception class="java.lang.ArithmeticException">
            <message>
              <![CDATA[/ by zero]]>
            </message>
            <full-stacktrace>
              <![CDATA[java.lang.ArithmeticException: / by zero
	at test.Calculator.divide(Calculator.java:7)
	at test.CalculatorTestAdd.exceptionTest(CalculatorTestAdd.java:55)
	at sun.reflect.NativeMethodAccessorImpl.invoke0(Native Method)
	at sun.reflect.NativeMethodAccessorImpl.invoke(Unknown Source)
	at sun.reflect.DelegatingMethodAccessorImpl.invoke(Unknown Source)
	at java.lang.reflect.Method.invoke(Unknown Source)
	at org.testng.internal.MethodInvocationHelper.invokeMethod(MethodInvocationHelper.java:84)
	at org.testng.internal.Invoker.invokeMethod(Invoker.java:714)
	at org.testng.internal.Invoker.invokeTestMethod(Invoker.java:901)
	at org.testng.internal.Invoker.invokeTestMethods(Invoker.java:1231)
	at org.testng.internal.TestMethodWorker.invokeTestMethods(TestMethodWorker.java:127)
	at org.testng.internal.TestMethodWorker.run(TestMethodWorker.java:111)
	at org.testng.TestRunner.privateRun(TestRunner.java:767)
	at org.testng.TestRunner.run(TestRunner.java:617)
	at org.testng.SuiteRunner.runTest(SuiteRunner.java:334)
	at org.testng.SuiteRunner.runSequentially(SuiteRunner.java:329)
	at org.testng.SuiteRunner.privateRun(SuiteRunner.java:291)
	at org.testng.SuiteRunner.run(SuiteRunner.java:240)
	at org.testng.SuiteRunnerWorker.runSuite(SuiteRunnerWorker.java:52)
	at org.testng.SuiteRunnerWorker.run(SuiteRunnerWorker.java:86)
	at org.testng.TestNG.runSuitesSequentially(TestNG.java:1224)
	at org.testng.TestNG.runSuitesLocally(TestNG.java:1149)
	at org.testng.TestNG.run(TestNG.java:1057)
	at org.testng.remote.RemoteTestNG.run(RemoteTestNG.java:111)
	at org.testng.remote.RemoteTestNG.initAndRun(RemoteTestNG.java:204)
	at org.testng.remote.RemoteTestNG.main(RemoteTestNG.java:175)
]]>
            </full-stacktrace>
          </exception> <!-- java.lang.ArithmeticException -->
          <reporter-output>
          </reporter-output>
        </test-method> <!-- exceptionTest -->
        <test-method status="PASS" signature="setUpBeforeMethod()[pri:0, instance:test.CalculatorTestAdd@1ffb7d4]" name="setUpBeforeMethod" is-config="true" duration-ms="0" started-at="2014-11-20T11:38:33Z" finished-at="2014-11-20T11:38:33Z">
          <reporter-output>
          </reporter-output>
        </test-method> <!-- setUpBeforeMethod -->
        <test-method status="PASS" signature="tearDownAfterMethod()[pri:0, instance:test.CalculatorTestAdd@1ffb7d4]" name="tearDownAfterMethod" is-config="true" duration-ms="0" started-at="2014-11-20T11:38:33Z" finished-at="2014-11-20T11:38:33Z">
          <reporter-output>
          </reporter-output>
        </test-method> <!-- tearDownAfterMethod -->
        <test-method status="PASS" signature="testAdd1()[pri:0, instance:test.CalculatorTestAdd@1ffb7d4]" name="testAdd1" duration-ms="78" started-at="2014-11-20T11:38:33Z" finished-at="2014-11-20T11:38:33Z">
          <reporter-output>
          </reporter-output>
        </test-method> <!-- testAdd1 -->
        <test-method status="PASS" signature="tearDownAfterMethod()[pri:0, instance:test.CalculatorTestAdd@1ffb7d4]" name="tearDownAfterMethod" is-config="true" duration-ms="0" started-at="2014-11-20T11:38:33Z" finished-at="2014-11-20T11:38:33Z">
          <reporter-output>
          </reporter-output>
        </test-method> <!-- tearDownAfterMethod -->
        <test-method status="PASS" signature="testAdd2()[pri:0, instance:test.CalculatorTestAdd@1ffb7d4]" name="testAdd2" duration-ms="15" started-at="2014-11-20T11:38:33Z" finished-at="2014-11-20T11:38:33Z">
          <reporter-output>
          </reporter-output>
        </test-method> <!-- testAdd2 -->
        <test-method status="PASS" signature="setUpBeforeMethod()[pri:0, instance:test.CalculatorTestAdd@1ffb7d4]" name="setUpBeforeMethod" is-config="true" duration-ms="0" started-at="2014-11-20T11:38:33Z" finished-at="2014-11-20T11:38:33Z">
          <reporter-output>
          </reporter-output>
        </test-method> <!-- setUpBeforeMethod -->
        <test-method status="PASS" signature="tearDownAfterMethod()[pri:0, instance:test.CalculatorTestAdd@1ffb7d4]" name="tearDownAfterMethod" is-config="true" duration-ms="0" started-at="2014-11-20T11:38:33Z" finished-at="2014-11-20T11:38:33Z">
          <reporter-output>
          </reporter-output>
        </test-method> <!-- tearDownAfterMethod -->
        <test-method status="PASS" signature="tearDownAfterMethod()[pri:0, instance:test.CalculatorTestAdd@1ffb7d4]" name="tearDownAfterMethod" is-config="true" duration-ms="0" started-at="2014-11-20T11:38:33Z" finished-at="2014-11-20T11:38:33Z">
          <reporter-output>
          </reporter-output>
        </test-method> <!-- tearDownAfterMethod -->
        <test-method status="PASS" signature="testAdd3()[pri:0, instance:test.CalculatorTestAdd@1ffb7d4]" name="testAdd3" duration-ms="0" started-at="2014-11-20T11:38:33Z" finished-at="2014-11-20T11:38:33Z">
          <reporter-output>
          </reporter-output>
        </test-method> <!-- testAdd3 -->
        <test-method status="PASS" signature="testAdd3()[pri:0, instance:test.CalculatorTestAdd@1ffb7d4]" name="testAdd3" duration-ms="0" started-at="2014-11-20T11:38:33Z" finished-at="2014-11-20T11:38:33Z">
          <reporter-output>
          </reporter-output>
        </test-method> <!-- testAdd3 -->
        <test-method status="PASS" signature="setUpBeforeMethod()[pri:0, instance:test.CalculatorTestAdd@1ffb7d4]" name="setUpBeforeMethod" is-config="true" duration-ms="0" started-at="2014-11-20T11:38:33Z" finished-at="2014-11-20T11:38:33Z">
          <reporter-output>
          </reporter-output>
        </test-method> <!-- setUpBeforeMethod -->
        <test-method status="PASS" signature="testAdd3()[pri:0, instance:test.CalculatorTestAdd@1ffb7d4]" name="testAdd3" duration-ms="0" started-at="2014-11-20T11:38:33Z" finished-at="2014-11-20T11:38:33Z">
          <reporter-output>
          </reporter-output>
        </test-method> <!-- testAdd3 -->
        <test-method status="PASS" signature="testAdd3()[pri:0, instance:test.CalculatorTestAdd@1ffb7d4]" name="testAdd3" duration-ms="0" started-at="2014-11-20T11:38:33Z" finished-at="2014-11-20T11:38:33Z">
          <reporter-output>
          </reporter-output>
        </test-method> <!-- testAdd3 -->
        <test-method status="PASS" signature="testAdd3()[pri:0, instance:test.CalculatorTestAdd@1ffb7d4]" name="testAdd3" duration-ms="16" started-at="2014-11-20T11:38:33Z" finished-at="2014-11-20T11:38:33Z">
          <reporter-output>
          </reporter-output>
        </test-method> <!-- testAdd3 -->
        <test-method status="PASS" signature="setUpBeforeMethod()[pri:0, instance:test.CalculatorTestAdd@1ffb7d4]" name="setUpBeforeMethod" is-config="true" duration-ms="0" started-at="2014-11-20T11:38:33Z" finished-at="2014-11-20T11:38:33Z">
          <reporter-output>
          </reporter-output>
        </test-method> <!-- setUpBeforeMethod -->
        <test-method status="PASS" signature="setUpBeforeMethod()[pri:0, instance:test.CalculatorTestAdd@1ffb7d4]" name="setUpBeforeMethod" is-config="true" duration-ms="0" started-at="2014-11-20T11:38:33Z" finished-at="2014-11-20T11:38:33Z">
          <reporter-output>
          </reporter-output>
        </test-method> <!-- setUpBeforeMethod -->
        <test-method status="PASS" signature="tearDownAfterMethod()[pri:0, instance:test.CalculatorTestAdd@1ffb7d4]" name="tearDownAfterMethod" is-config="true" duration-ms="0" started-at="2014-11-20T11:38:33Z" finished-at="2014-11-20T11:38:33Z">
          <reporter-output>
          </reporter-output>
        </test-method> <!-- tearDownAfterMethod -->
        <test-method status="PASS" signature="tearDownAfterMethod()[pri:0, instance:test.CalculatorTestAdd@1ffb7d4]" name="tearDownAfterMethod" is-config="true" duration-ms="0" started-at="2014-11-20T11:38:33Z" finished-at="2014-11-20T11:38:33Z">
          <reporter-output>
          </reporter-output>
        </test-method> <!-- tearDownAfterMethod -->
        <test-method status="PASS" signature="setUpBeforeMethod()[pri:0, instance:test.CalculatorTestAdd@1ffb7d4]" name="setUpBeforeMethod" is-config="true" duration-ms="0" started-at="2014-11-20T11:38:33Z" finished-at="2014-11-20T11:38:33Z">
          <reporter-output>
          </reporter-output>
        </test-method> <!-- setUpBeforeMethod -->
        <test-method status="PASS" signature="tearDownAfterMethod()[pri:0, instance:test.CalculatorTestAdd@1ffb7d4]" name="tearDownAfterMethod" is-config="true" duration-ms="0" started-at="2014-11-20T11:38:33Z" finished-at="2014-11-20T11:38:33Z">
          <reporter-output>
          </reporter-output>
        </test-method> <!-- tearDownAfterMethod -->
        <test-method status="PASS" signature="setUpBeforeMethod()[pri:0, instance:test.CalculatorTestAdd@1ffb7d4]" name="setUpBeforeMethod" is-config="true" duration-ms="0" started-at="2014-11-20T11:38:33Z" finished-at="2014-11-20T11:38:33Z">
          <reporter-output>
          </reporter-output>
        </test-method> <!-- setUpBeforeMethod -->
        <test-method status="PASS" signature="testAdd3()[pri:0, instance:test.CalculatorTestAdd@1ffb7d4]" name="testAdd3" duration-ms="0" started-at="2014-11-20T11:38:33Z" finished-at="2014-11-20T11:38:33Z">
          <reporter-output>
          </reporter-output>
        </test-method> <!-- testAdd3 -->
        <test-method status="PASS" signature="tearDownAfterMethod()[pri:0, instance:test.CalculatorTestAdd@1ffb7d4]" name="tearDownAfterMethod" is-config="true" duration-ms="0" started-at="2014-11-20T11:38:33Z" finished-at="2014-11-20T11:38:33Z">
          <reporter-output>
          </reporter-output>
        </test-method> <!-- tearDownAfterMethod -->
        <test-method status="PASS" signature="testAdd3()[pri:0, instance:test.CalculatorTestAdd@1ffb7d4]" name="testAdd3" duration-ms="0" started-at="2014-11-20T11:38:33Z" finished-at="2014-11-20T11:38:33Z">
          <reporter-output>
          </reporter-output>
        </test-method> <!-- testAdd3 -->
        <test-method status="PASS" signature="tearDownAfterMethod()[pri:0, instance:test.CalculatorTestAdd@1ffb7d4]" name="tearDownAfterMethod" is-config="true" duration-ms="0" started-at="2014-11-20T11:38:33Z" finished-at="2014-11-20T11:38:33Z">
          <reporter-output>
          </reporter-output>
        </test-method> <!-- tearDownAfterMethod -->
        <test-method status="PASS" signature="setUpBeforeMethod()[pri:0, instance:test.CalculatorTestAdd@1ffb7d4]" name="setUpBeforeMethod" is-config="true" duration-ms="0" started-at="2014-11-20T11:38:33Z" finished-at="2014-11-20T11:38:33Z">
          <reporter-output>
          </reporter-output>
        </test-method> <!-- setUpBeforeMethod -->
        <test-method status="PASS" signature="setUpBeforeMethod()[pri:0, instance:test.CalculatorTestAdd@1ffb7d4]" name="setUpBeforeMethod" is-config="true" duration-ms="0" started-at="2014-11-20T11:38:33Z" finished-at="2014-11-20T11:38:33Z">
          <reporter-output>
          </reporter-output>
        </test-method> <!-- setUpBeforeMethod -->
        <test-method status="PASS" signature="setUpBeforeMethod()[pri:0, instance:test.CalculatorTestAdd@1ffb7d4]" name="setUpBeforeMethod" is-config="true" duration-ms="0" started-at="2014-11-20T11:38:33Z" finished-at="2014-11-20T11:38:33Z">
          <reporter-output>
          </reporter-output>
        </test-method> <!-- setUpBeforeMethod -->
        <test-method status="PASS" signature="testAdd3()[pri:0, instance:test.CalculatorTestAdd@1ffb7d4]" name="testAdd3" duration-ms="0" started-at="2014-11-20T11:38:33Z" finished-at="2014-11-20T11:38:33Z">
          <reporter-output>
          </reporter-output>
        </test-method> <!-- testAdd3 -->
        <test-method status="PASS" signature="tearDownAfterMethod()[pri:0, instance:test.CalculatorTestAdd@1ffb7d4]" name="tearDownAfterMethod" is-config="true" duration-ms="0" started-at="2014-11-20T11:38:33Z" finished-at="2014-11-20T11:38:33Z">
          <reporter-output>
          </reporter-output>
        </test-method> <!-- tearDownAfterMethod -->
        <test-method status="PASS" signature="testAdd3()[pri:0, instance:test.CalculatorTestAdd@1ffb7d4]" name="testAdd3" duration-ms="0" started-at="2014-11-20T11:38:33Z" finished-at="2014-11-20T11:38:33Z">
          <reporter-output>
          </reporter-output>
        </test-method> <!-- testAdd3 -->
        <test-method status="PASS" signature="setUpBeforeMethod()[pri:0, instance:test.CalculatorTestAdd@1ffb7d4]" name="setUpBeforeMethod" is-config="true" duration-ms="0" started-at="2014-11-20T11:38:33Z" finished-at="2014-11-20T11:38:33Z">
          <reporter-output>
          </reporter-output>
        </test-method> <!-- setUpBeforeMethod -->
        <test-method status="PASS" signature="tearDownAfterMethod()[pri:0, instance:test.CalculatorTestAdd@1ffb7d4]" name="tearDownAfterMethod" is-config="true" duration-ms="0" started-at="2014-11-20T11:38:33Z" finished-at="2014-11-20T11:38:33Z">
          <reporter-output>
          </reporter-output>
        </test-method> <!-- tearDownAfterMethod -->
        <test-method status="PASS" signature="tearDownAfterFTandRT()[pri:0, instance:test.CalculatorTestAdd@1ffb7d4]" name="tearDownAfterFTandRT" is-config="true" duration-ms="0" started-at="2014-11-20T11:38:33Z" finished-at="2014-11-20T11:38:33Z">
          <reporter-output>
          </reporter-output>
        </test-method> <!-- tearDownAfterFTandRT -->
        <test-method status="PASS" signature="tearDownAfterMethod()[pri:0, instance:test.CalculatorTestAdd@1ffb7d4]" name="tearDownAfterMethod" is-config="true" duration-ms="0" started-at="2014-11-20T11:38:33Z" finished-at="2014-11-20T11:38:33Z">
          <reporter-output>
          </reporter-output>
        </test-method> <!-- tearDownAfterMethod -->
        <test-method status="PASS" signature="tearDownAfterClass()[pri:0, instance:test.CalculatorTestAdd@1ffb7d4]" name="tearDownAfterClass" is-config="true" duration-ms="0" started-at="2014-11-20T11:38:33Z" finished-at="2014-11-20T11:38:33Z">
          <reporter-output>
          </reporter-output>
        </test-method> <!-- tearDownAfterClass -->
        <test-method status="PASS" signature="setUpBeforeFTandRT()[pri:0, instance:test.CalculatorTestAdd@1ffb7d4]" name="setUpBeforeFTandRT" is-config="true" duration-ms="0" started-at="2014-11-20T11:38:33Z" finished-at="2014-11-20T11:38:33Z">
          <reporter-output>
          </reporter-output>
        </test-method> <!-- setUpBeforeFTandRT -->
        <test-method status="PASS" signature="testAdd4()[pri:0, instance:test.CalculatorTestAdd@1ffb7d4]" name="testAdd4" duration-ms="0" started-at="2014-11-20T11:38:33Z" finished-at="2014-11-20T11:38:33Z">
          <reporter-output>
          </reporter-output>
        </test-method> <!-- testAdd4 -->
        <test-method status="PASS" signature="tearDownAfterMethod()[pri:0, instance:test.CalculatorTestAdd@1ffb7d4]" name="tearDownAfterMethod" is-config="true" duration-ms="0" started-at="2014-11-20T11:38:33Z" finished-at="2014-11-20T11:38:33Z">
          <reporter-output>
          </reporter-output>
        </test-method> <!-- tearDownAfterMethod -->
        <test-method status="PASS" signature="setUpBeforeMethod()[pri:0, instance:test.CalculatorTestAdd@1ffb7d4]" name="setUpBeforeMethod" is-config="true" duration-ms="0" started-at="2014-11-20T11:38:33Z" finished-at="2014-11-20T11:38:33Z">
          <reporter-output>
          </reporter-output>
        </test-method> <!-- setUpBeforeMethod -->
        <test-method status="PASS" signature="testAdd3()[pri:0, instance:test.CalculatorTestAdd@1ffb7d4]" name="testAdd3" duration-ms="0" started-at="2014-11-20T11:38:33Z" finished-at="2014-11-20T11:38:33Z">
          <reporter-output>
          </reporter-output>
        </test-method> <!-- testAdd3 -->
        <test-method status="PASS" signature="setUpBeforeFTandRT()[pri:0, instance:test.CalculatorTestAdd@1ffb7d4]" name="setUpBeforeFTandRT" is-config="true" duration-ms="0" started-at="2014-11-20T11:38:33Z" finished-at="2014-11-20T11:38:33Z">
          <reporter-output>
          </reporter-output>
        </test-method> <!-- setUpBeforeFTandRT -->
        <test-method status="PASS" signature="setUpBeforeMethod()[pri:0, instance:test.CalculatorTestAdd@1ffb7d4]" name="setUpBeforeMethod" is-config="true" duration-ms="0" started-at="2014-11-20T11:38:33Z" finished-at="2014-11-20T11:38:33Z">
          <reporter-output>
          </reporter-output>
        </test-method> <!-- setUpBeforeMethod -->
        <test-method status="PASS" signature="tearDownAfterMethod()[pri:0, instance:test.CalculatorTestAdd@1ffb7d4]" name="tearDownAfterMethod" is-config="true" duration-ms="0" started-at="2014-11-20T11:38:33Z" finished-at="2014-11-20T11:38:33Z">
          <reporter-output>
          </reporter-output>
        </test-method> <!-- tearDownAfterMethod -->
      </class> <!-- test.CalculatorTestAdd -->
    </test> <!-- Default test -->
  </suite> <!-- Default suite -->
</testng-results>
