<?xml version="1.0" encoding="UTF-8" ?>
<testsuite failures="1" time="55.951" errors="0" skipped="0" tests="1" name="TestSuite">
  <properties>
[...]
</properties>
  <testcase time="0.951" classname="com.taxiforsure.regressionTest.TaxiforSureBookingsTest" name="pointToPointTest">
    <failure message="unknown error: Element is not clickable at point (373, 112). Other element would receive the click: &lt;div class=&quot;CityModalWap&quot; id=&quot;cmw&quot; style=&quot;display: block;&quot;&gt;&lt;/div&gt;
  (Session info: chrome=38.0.2125.111)
  (Driver info: chromedriver=2.10.267521,platform=Windows NT 6.1 SP1 x86) (WARNING: The server did not provide any stacktrace information)
Command duration or timeout: 78 milliseconds
Build info: version: &apos;2.44.0&apos;, revision: &apos;76d78cf323ce037c5f92db6c1bba601c2ac43ad8&apos;, time: &apos;2014-10-23 13:11:40&apos;
System info: host: &apos;SABYA-TI8158&apos;, ip: &apos;10.129.177.53&apos;, os.name: &apos;Windows 7&apos;, os.arch: &apos;x86&apos;, os.version: &apos;6.1&apos;, java.version: &apos;1.7.0_71&apos;
Session ID: e135825625a56036442161a1e57ac808
Driver info: org.openqa.selenium.chrome.ChromeDriver
Capabilities [{platform=XP, acceptSslCerts=true, javascriptEnabled=true, browserName=chrome, chrome={userDataDir=C:\Users\SABYAS~1.MIS\AppData\Local\Temp\scoped_dir3228_30701}, rotatable=false, locationContextEnabled=true, version=38.0.2125.111, takesHeapSnapshot=true, cssSelectorsEnabled=true, databaseEnabled=false, handlesAlerts=true, browserConnectionEnabled=false, webStorageEnabled=true, nativeEvents=true, applicationCacheEnabled=false, takesScreenshot=true}]" type="org.openqa.selenium.WebDriverException">org.openqa.selenium.WebDriverException: unknown error: Element is not clickable at point (373, 112). Other element would receive the click: &lt;div class=&quot;CityModalWap&quot; id=&quot;cmw&quot; style=&quot;display: block;&quot;&gt;&lt;/div&gt;
  (Session info: chrome=38.0.2125.111)
  (Driver info: chromedriver=2.10.267521,platform=Windows NT 6.1 SP1 x86) (WARNING: The server did not provide any stacktrace information)
Command duration or timeout: 78 milliseconds
Build info: version: &apos;2.44.0&apos;, revision: &apos;76d78cf323ce037c5f92db6c1bba601c2ac43ad8&apos;, time: &apos;2014-10-23 13:11:40&apos;
System info: host: &apos;SABYA-TI8158&apos;, ip: &apos;10.129.177.53&apos;, os.name: &apos;Windows 7&apos;, os.arch: &apos;x86&apos;, os.version: &apos;6.1&apos;, java.version: &apos;1.7.0_71&apos;
Session ID: e135825625a56036442161a1e57ac808
Driver info: org.openqa.selenium.chrome.ChromeDriver
Capabilities [{platform=XP, acceptSslCerts=true, javascriptEnabled=true, browserName=chrome, chrome={userDataDir=C:\Users\SABYAS~1.MIS\AppData\Local\Temp\scoped_dir3228_30701}, rotatable=false, locationContextEnabled=true, version=38.0.2125.111, takesHeapSnapshot=true, cssSelectorsEnabled=true, databaseEnabled=false, handlesAlerts=true, browserConnectionEnabled=false, webStorageEnabled=true, nativeEvents=true, applicationCacheEnabled=false, takesScreenshot=true}]
	at sun.reflect.NativeConstructorAccessorImpl.newInstance0(Native Method)
	at sun.reflect.NativeConstructorAccessorImpl.newInstance(NativeConstructorAccessorImpl.java:57)
	at sun.reflect.DelegatingConstructorAccessorImpl.newInstance(DelegatingConstructorAccessorImpl.java:45)
	at java.lang.reflect.Constructor.newInstance(Constructor.java:526)
	at org.openqa.selenium.remote.ErrorHandler.createThrowable(ErrorHandler.java:204)
	at org.openqa.selenium.remote.ErrorHandler.throwIfResponseFailed(ErrorHandler.java:156)
	at org.openqa.selenium.remote.RemoteWebDriver.execute(RemoteWebDriver.java:599)
	at org.openqa.selenium.remote.RemoteWebElement.execute(RemoteWebElement.java:268)
	at org.openqa.selenium.remote.RemoteWebElement.click(RemoteWebElement.java:79)
	at sun.reflect.NativeMethodAccessorImpl.invoke0(Native Method)
	at sun.reflect.NativeMethodAccessorImpl.invoke(NativeMethodAccessorImpl.java:57)
	at sun.reflect.DelegatingMethodAccessorImpl.invoke(DelegatingMethodAccessorImpl.java:43)
	at java.lang.reflect.Method.invoke(Method.java:606)
	at org.openqa.selenium.support.pagefactory.internal.LocatingElementHandler.invoke(LocatingElementHandler.java:50)
	at com.sun.proxy.$Proxy7.click(Unknown Source)
	at com.taxiforsure.actions.DoOperation.click(DoOperation.java:137)
	at com.taxiforsure.pageObjects.SelectLocation.doSelectCity(SelectLocation.java:163)
	at com.taxiforsure.regressionTest.TaxiforSureBookingsTest.pointToPointTest(TaxiforSureBookingsTest.java:68)
</failure>
  </testcase>
</testsuite>