<?xml version="1.0" encoding="utf-8" ?>
<!DOCTYPE html PUBLIC "-//W3C//DTD XHTML 1.0 Strict//EN"
        "http://www.w3.org/TR/xhtml1/DTD/xhtml1-strict.dtd">
<html xmlns="http://www.w3.org/1999/xhtml" xml:lang="" lang="">
<head>
  <title>Test Results Report - TaxiforsureTest</title>
  <meta http-equiv="Content-Type" content="text/html;charset=utf-8" />
  <meta name="description" content="TestNG unit test results." />
  <link href="reportng.css" rel="stylesheet" type="text/css" />
    <script type="text/javascript" src="reportng.js"></script>
</head>
<body>
<h1>TaxiforsureTest</h1>
<p>
  Test duration: 0.032s
</p>

  <table class="resultsTable configTable">
    <tr><th colspan="3" class="header failedConfig">Failed Configuration</th></tr>
              <tr class="group">
        <td colspan="3">com.taxiforsure.testCases.TaxiForSureTest</td>
      </tr>
            
<tr>
  <td class="method">
                  configBeforeClass
      </td>
  <td class="duration">
    0.000s
  </td>
  <td class="result">
        
    
        

        <a href="javascript:toggleElement('exception-0', 'block')" title="Click to expand/collapse"><b>org.openqa.selenium.NoSuchElementException: Unable to locate element: {&quot;method&quot;:&quot;xpath&quot;,&quot;selector&quot;:&quot;//img[@alt=&apos;Book a Taxi&apos;]&quot;}<br/>
Command duration or timeout: 47 milliseconds<br/>
For documentation on this error, please visit: http://seleniumhq.org/exceptions/no_such_element.html<br/>
Build info: version: &apos;2.44.0&apos;, revision: &apos;76d78cf&apos;, time: &apos;2014-10-23 20:03:00&apos;<br/>
System info: host: &apos;SABYA-TI8158&apos;, ip: &apos;172.16.10.175&apos;, os.name: &apos;Windows 7&apos;, os.arch: &apos;x86&apos;, os.version: &apos;6.1&apos;, java.version: &apos;1.7.0_71&apos;<br/>
Session ID: 4c4cc91a-6c4d-497e-afe0-15601686f426<br/>
Driver info: org.openqa.selenium.firefox.FirefoxDriver<br/>
Capabilities [{platform=WINDOWS, acceptSslCerts=true, javascriptEnabled=true, cssSelectorsEnabled=true, databaseEnabled=true, browserName=firefox, handlesAlerts=true, nativeEvents=true, webStorageEnabled=true, rotatable=false, locationContextEnabled=true, applicationCacheEnabled=true, takesScreenshot=true, version=33.0.2}]</b></a><br />
    <div class="stackTrace" id="exception-0">
              sun.reflect.NativeConstructorAccessorImpl.newInstance0(Native Method)<br />
              sun.reflect.NativeConstructorAccessorImpl.newInstance(Unknown Source)<br />
              sun.reflect.DelegatingConstructorAccessorImpl.newInstance(Unknown Source)<br />
              java.lang.reflect.Constructor.newInstance(Unknown Source)<br />
              org.openqa.selenium.remote.ErrorHandler.createThrowable(ErrorHandler.java:204)<br />
              org.openqa.selenium.remote.ErrorHandler.throwIfResponseFailed(ErrorHandler.java:156)<br />
              org.openqa.selenium.remote.RemoteWebDriver.execute(RemoteWebDriver.java:599)<br />
              org.openqa.selenium.remote.RemoteWebDriver.findElement(RemoteWebDriver.java:352)<br />
              org.openqa.selenium.remote.RemoteWebDriver.findElementByXPath(RemoteWebDriver.java:449)<br />
              org.openqa.selenium.By$ByXPath.findElement(By.java:357)<br />
              org.openqa.selenium.remote.RemoteWebDriver.findElement(RemoteWebDriver.java:344)<br />
              org.openqa.selenium.support.pagefactory.DefaultElementLocator.findElement(DefaultElementLocator.java:59)<br />
              org.openqa.selenium.support.pagefactory.internal.LocatingElementHandler.invoke(LocatingElementHandler.java:37)<br />
              com.sun.proxy.$Proxy8.click(Unknown Source)<br />
              com.taxiforsure.testCases.TaxiForSureTest.configBeforeClass(TaxiForSureTest.java:104)<br />
              sun.reflect.NativeMethodAccessorImpl.invoke0(Native Method)<br />
              sun.reflect.NativeMethodAccessorImpl.invoke(Unknown Source)<br />
              sun.reflect.DelegatingMethodAccessorImpl.invoke(Unknown Source)<br />
              java.lang.reflect.Method.invoke(Unknown Source)<br />
              org.testng.internal.MethodInvocationHelper.invokeMethod(MethodInvocationHelper.java:84)<br />
              org.testng.internal.Invoker.invokeConfigurationMethod(Invoker.java:564)<br />
              org.testng.internal.Invoker.invokeConfigurations(Invoker.java:213)<br />
              org.testng.internal.Invoker.invokeConfigurations(Invoker.java:138)<br />
              org.testng.internal.TestMethodWorker.invokeBeforeClassMethods(TestMethodWorker.java:175)<br />
              org.testng.internal.TestMethodWorker.run(TestMethodWorker.java:107)<br />
              org.testng.TestRunner.privateRun(TestRunner.java:767)<br />
              org.testng.TestRunner.run(TestRunner.java:617)<br />
              org.testng.SuiteRunner.runTest(SuiteRunner.java:334)<br />
              org.testng.SuiteRunner.runSequentially(SuiteRunner.java:329)<br />
              org.testng.SuiteRunner.privateRun(SuiteRunner.java:291)<br />
              org.testng.SuiteRunner.run(SuiteRunner.java:240)<br />
              org.testng.SuiteRunnerWorker.runSuite(SuiteRunnerWorker.java:52)<br />
              org.testng.SuiteRunnerWorker.run(SuiteRunnerWorker.java:86)<br />
              org.testng.TestNG.runSuitesSequentially(TestNG.java:1224)<br />
              org.testng.TestNG.runSuitesLocally(TestNG.java:1149)<br />
              org.testng.TestNG.run(TestNG.java:1057)<br />
              org.testng.remote.RemoteTestNG.run(RemoteTestNG.java:111)<br />
              org.testng.remote.RemoteTestNG.initAndRun(RemoteTestNG.java:204)<br />
              org.testng.remote.RemoteTestNG.main(RemoteTestNG.java:175)<br />
                    <b>Caused by: </b> <a href="javascript:toggleElement('exception-1', 'block')" title="Click to expand/collapse">org.openqa.selenium.NoSuchElementException: Unable to locate element: {&quot;method&quot;:&quot;xpath&quot;,&quot;selector&quot;:&quot;//img[@alt=&apos;Book a Taxi&apos;]&quot;}<br/>
For documentation on this error, please visit: http://seleniumhq.org/exceptions/no_such_element.html<br/>
Build info: version: &apos;2.44.0&apos;, revision: &apos;76d78cf&apos;, time: &apos;2014-10-23 20:03:00&apos;<br/>
System info: host: &apos;SABYA-TI8158&apos;, ip: &apos;172.16.10.175&apos;, os.name: &apos;Windows 7&apos;, os.arch: &apos;x86&apos;, os.version: &apos;6.1&apos;, java.version: &apos;1.7.0_71&apos;<br/>
Driver info: driver.version: unknown</a><br />
        <div class="stackTrace" id="exception-1">
                      &lt;anonymous class&gt;.FirefoxDriver.prototype.findElementInternal_(file:///C:/Users/SABYAS~1.MIS/AppData/Local/Temp/anonymous8910743203062570352webdriver-profile/extensions/fxdriver@googlecode.com/components/driver-component.js:9641:26)<br />
                      &lt;anonymous class&gt;.FirefoxDriver.prototype.findElement(file:///C:/Users/SABYAS~1.MIS/AppData/Local/Temp/anonymous8910743203062570352webdriver-profile/extensions/fxdriver@googlecode.com/components/driver-component.js:9650:3)<br />
                      &lt;anonymous class&gt;.DelayedCommand.prototype.executeInternal_/h(file:///C:/Users/SABYAS~1.MIS/AppData/Local/Temp/anonymous8910743203062570352webdriver-profile/extensions/fxdriver@googlecode.com/components/command-processor.js:11635:16)<br />
                      &lt;anonymous class&gt;.DelayedCommand.prototype.executeInternal_(file:///C:/Users/SABYAS~1.MIS/AppData/Local/Temp/anonymous8910743203062570352webdriver-profile/extensions/fxdriver@googlecode.com/components/command-processor.js:11640:7)<br />
                      &lt;anonymous class&gt;.DelayedCommand.prototype.execute/&lt;(file:///C:/Users/SABYAS~1.MIS/AppData/Local/Temp/anonymous8910743203062570352webdriver-profile/extensions/fxdriver@googlecode.com/components/command-processor.js:11582:5)<br />
                  </div>
          </div>
      </td>
</tr>
    
          <tr><td colspan="3">&nbsp;</td></tr>
      <tr><td colspan="3" class="header skippedConfig">Skipped Configuration</td></tr>
                    <tr>
          <td colspan="3" class="group">com.taxiforsure.testCases.TaxiForSureTest</td>
        </tr>
                
<tr>
  <td class="method">
                  afterClassConfig
      </td>
  <td class="duration">
    0.000s
  </td>
  <td class="result">
                               
    
        

      </td>
</tr>
<tr>
  <td class="method">
                  showBookings
      </td>
  <td class="duration">
    0.000s
  </td>
  <td class="result">
                               
    
        

      </td>
</tr>
            </table>


  <table class="resultsTable">
    <tr><th colspan="3" class="header failed">Failed Tests</th></tr>
          <tr>
        <td colspan="3" class="group">com.taxiforsure.testCases.TaxiForSureTest</td>
      </tr>
            
<tr>
  <td class="method">
                  outstationBookingTest
      </td>
  <td class="duration">
    0.000s
  </td>
  <td class="result">
        
    
        

        <a href="javascript:toggleElement('exception-2', 'block')" title="Click to expand/collapse"><b>java.lang.RuntimeException: java.lang.NullPointerException</b></a><br />
    <div class="stackTrace" id="exception-2">
              org.testng.internal.MethodInvocationHelper.invokeDataProvider(MethodInvocationHelper.java:161)<br />
              org.testng.internal.Parameters.handleParameters(Parameters.java:429)<br />
              org.testng.internal.Invoker.handleParameters(Invoker.java:1383)<br />
              org.testng.internal.Invoker.createParameters(Invoker.java:1075)<br />
              org.testng.internal.Invoker.invokeTestMethods(Invoker.java:1180)<br />
              org.testng.internal.TestMethodWorker.invokeTestMethods(TestMethodWorker.java:127)<br />
              org.testng.internal.TestMethodWorker.run(TestMethodWorker.java:111)<br />
              org.testng.TestRunner.privateRun(TestRunner.java:767)<br />
              org.testng.TestRunner.run(TestRunner.java:617)<br />
              org.testng.SuiteRunner.runTest(SuiteRunner.java:334)<br />
              org.testng.SuiteRunner.runSequentially(SuiteRunner.java:329)<br />
              org.testng.SuiteRunner.privateRun(SuiteRunner.java:291)<br />
              org.testng.SuiteRunner.run(SuiteRunner.java:240)<br />
              org.testng.SuiteRunnerWorker.runSuite(SuiteRunnerWorker.java:52)<br />
              org.testng.SuiteRunnerWorker.run(SuiteRunnerWorker.java:86)<br />
              org.testng.TestNG.runSuitesSequentially(TestNG.java:1224)<br />
              org.testng.TestNG.runSuitesLocally(TestNG.java:1149)<br />
              org.testng.TestNG.run(TestNG.java:1057)<br />
              org.testng.remote.RemoteTestNG.run(RemoteTestNG.java:111)<br />
              org.testng.remote.RemoteTestNG.initAndRun(RemoteTestNG.java:204)<br />
              org.testng.remote.RemoteTestNG.main(RemoteTestNG.java:175)<br />
                    <b>Caused by: </b> <a href="javascript:toggleElement('exception-3', 'block')" title="Click to expand/collapse">java.lang.NullPointerException</a><br />
        <div class="stackTrace" id="exception-3">
                      com.taxiforsure.utility.ReadDataFromExcel.getCellData(ReadDataFromExcel.java:84)<br />
                      com.taxiforsure.utility.ReadDataFromExcel.testData(ReadDataFromExcel.java:58)<br />
                      com.taxiforsure.testCases.TaxiForSureTest.getData3(TaxiForSureTest.java:717)<br />
                      sun.reflect.NativeMethodAccessorImpl.invoke0(Native Method)<br />
                      sun.reflect.NativeMethodAccessorImpl.invoke(Unknown Source)<br />
                      sun.reflect.DelegatingMethodAccessorImpl.invoke(Unknown Source)<br />
                      java.lang.reflect.Method.invoke(Unknown Source)<br />
                      org.testng.internal.MethodInvocationHelper.invokeMethod(MethodInvocationHelper.java:84)<br />
                      org.testng.internal.MethodInvocationHelper.invokeDataProvider(MethodInvocationHelper.java:135)<br />
                      org.testng.internal.Parameters.handleParameters(Parameters.java:429)<br />
                      org.testng.internal.Invoker.handleParameters(Invoker.java:1383)<br />
                      org.testng.internal.Invoker.createParameters(Invoker.java:1075)<br />
                      org.testng.internal.Invoker.invokeTestMethods(Invoker.java:1180)<br />
                      org.testng.internal.TestMethodWorker.invokeTestMethods(TestMethodWorker.java:127)<br />
                      org.testng.internal.TestMethodWorker.run(TestMethodWorker.java:111)<br />
                      org.testng.TestRunner.privateRun(TestRunner.java:767)<br />
                      org.testng.TestRunner.run(TestRunner.java:617)<br />
                      org.testng.SuiteRunner.runTest(SuiteRunner.java:334)<br />
                      org.testng.SuiteRunner.runSequentially(SuiteRunner.java:329)<br />
                      org.testng.SuiteRunner.privateRun(SuiteRunner.java:291)<br />
                      org.testng.SuiteRunner.run(SuiteRunner.java:240)<br />
                      org.testng.SuiteRunnerWorker.runSuite(SuiteRunnerWorker.java:52)<br />
                      org.testng.SuiteRunnerWorker.run(SuiteRunnerWorker.java:86)<br />
                      org.testng.TestNG.runSuitesSequentially(TestNG.java:1224)<br />
                      org.testng.TestNG.runSuitesLocally(TestNG.java:1149)<br />
                      org.testng.TestNG.run(TestNG.java:1057)<br />
                      org.testng.remote.RemoteTestNG.run(RemoteTestNG.java:111)<br />
                      org.testng.remote.RemoteTestNG.initAndRun(RemoteTestNG.java:204)<br />
                      org.testng.remote.RemoteTestNG.main(RemoteTestNG.java:175)<br />
                  </div>
          </div>
      </td>
</tr>
      </table>

  <table class="resultsTable" width="100%">
    <tr><th colspan="3" class="header skipped">Skipped Tests</th></tr>
          <tr>
        <td colspan="3" class="group">com.taxiforsure.testCases.TaxiForSureTest</td>
      </tr>
            
<tr>
  <td class="method">
                  HalfDayOrFullDayTest
      </td>
  <td class="duration">
    0.000s
  </td>
  <td class="result">
                               
          <i>Method arguments: </i><span class="arguments">"Nagpur", "4hrs 40Kms", "Katol Road,Vrindavan Colony", "x", "11/11/2015", "6:15 a.m.", "Sedan", "abc", "xyz", "8892566529", "sabyasachi2189@gmail.com"</span><br />
    
        

      </td>
</tr>
<tr>
  <td class="method">
                  HalfDayOrFullDayTest
      </td>
  <td class="duration">
    0.000s
  </td>
  <td class="result">
                               
          <i>Method arguments: </i><span class="arguments">"Bangalore", "4hrs 40Kms", "Majestic", "Maruthi Nagar", "11/11/2014", "6:15 a.m.", "Sedan", "abc", "xyz", "8892566529", "sabyasachi2189@gmail.com"</span><br />
    
        

      </td>
</tr>
<tr>
  <td class="method">
                  HalfDayOrFullDayTest
      </td>
  <td class="duration">
    0.000s
  </td>
  <td class="result">
                               
          <i>Method arguments: </i><span class="arguments">"Nagpur", "8hrs 80Kms", "Ring Road,Dighori", "x", "11/11/2016", "6:15 a.m.", "Sedan", "abc", "xyz", "8892566529", "sabyasachi2189@gmail.com"</span><br />
    
        

      </td>
</tr>
<tr>
  <td class="method">
                  HalfDayOrFullDayTest
      </td>
  <td class="duration">
    0.000s
  </td>
  <td class="result">
                               
          <i>Method arguments: </i><span class="arguments">"Bangalore", "8hrs 80Kms", "yamalur", "Chamarajpet", "11/11/2014", "6:15 a.m.", "Sedan", "abc", "xyz", "8892566529", "sabyasachi2189@gmail.com"</span><br />
    
        

      </td>
</tr>
<tr>
  <td class="method">
                  commingFromAirportTest
      </td>
  <td class="duration">
    0.000s
  </td>
  <td class="result">
                               
          <i>Method arguments: </i><span class="arguments">"Bangalore", "Bangalore Airport", "11/11/2014", "6:15 a.m.", "Majestic", "Sedan", "Flat", "8892566529", "sabyasachi2189@gmail.com"</span><br />
    
        

      </td>
</tr>
<tr>
  <td class="method">
                  commingFromAirportTest
      </td>
  <td class="duration">
    0.000s
  </td>
  <td class="result">
                               
          <i>Method arguments: </i><span class="arguments">"Nagpur", "Nagpur Airport", "11/11/2014", "6:15 a.m.", "Ring Road,Dighori", "Sedan", "Flat", "8892566529", "sabyasachi2189@gmail.com"</span><br />
    
        

      </td>
</tr>
<tr>
  <td class="method">
                  commingFromAirportTest
      </td>
  <td class="duration">
    0.000s
  </td>
  <td class="result">
                               
          <i>Method arguments: </i><span class="arguments">"Bangalore", "Bangalore Airport", "11/11/2014", "6:15 a.m.", "yamalur", "Sedan", "Flat", "8892566529", "sabyasachi2189@gmail.com"</span><br />
    
        

      </td>
</tr>
<tr>
  <td class="method">
                  commingFromAirportTest
      </td>
  <td class="duration">
    0.000s
  </td>
  <td class="result">
                               
          <i>Method arguments: </i><span class="arguments">"Nagpur", "Nagpur Airport", "11/11/2014", "6:15 a.m.", "Katol Road,Vrindavan Colony", "Sedan", "Flat", "8892566529", "sabyasachi2189@gmail.com"</span><br />
    
        

      </td>
</tr>
<tr>
  <td class="method">
                  goToAirportTest
      </td>
  <td class="duration">
    0.000s
  </td>
  <td class="result">
                               
          <i>Method arguments: </i><span class="arguments">"Bangalore", "Bangalore Airport", "11/11/2014", "6:15 a.m.", "Majestic", "Tata Indica AC", "Flat", "xyz", "abc", "8892566529", "sabyasachi2189@gmail.com"</span><br />
    
        

      </td>
</tr>
<tr>
  <td class="method">
                  goToAirportTest
      </td>
  <td class="duration">
    0.016s
  </td>
  <td class="result">
                               
          <i>Method arguments: </i><span class="arguments">"Nagpur", "Nagpur Airport", "11/11/2014", "6:15 a.m.", "Katol Road,Vrindavan Colony", "Sedan", "Flat", "xyz", "abc", "8892566529", "sabyasachi2189@gmail.com"</span><br />
    
        

      </td>
</tr>
<tr>
  <td class="method">
                  goToAirportTest
      </td>
  <td class="duration">
    0.000s
  </td>
  <td class="result">
                               
          <i>Method arguments: </i><span class="arguments">"Bangalore", "Bangalore Airport", "11/11/2014", "6:15 a.m.", "yamalur", "Tata Indica AC", "Flat", "xyz", "abc", "8892566529", "sabyasachi2189@gmail.com"</span><br />
    
        

      </td>
</tr>
<tr>
  <td class="method">
                  goToAirportTest
      </td>
  <td class="duration">
    0.000s
  </td>
  <td class="result">
                               
          <i>Method arguments: </i><span class="arguments">"Nagpur", "Nagpur Airport", "11/11/2014", "6:15 a.m.", "Ring Road,Dighori", "Sedan", "Flat", "xyz", "abc", "8892566529", "sabyasachi2189@gmail.com"</span><br />
    
        

      </td>
</tr>
<tr>
  <td class="method">
                  pointToPointBookingTest
      </td>
  <td class="duration">
    0.000s
  </td>
  <td class="result">
                               
          <i>Method arguments: </i><span class="arguments">"Nagpur", "Ring Road,Dighori", "Katol Road,Vrindavan Colony", "11/11/2014", "7:15 a.m.", "Sedan", "test", "abc", "8892566529", "sabyasachi2189@gmail.com"</span><br />
    
        

      </td>
</tr>
<tr>
  <td class="method">
                  pointToPointBookingTest
      </td>
  <td class="duration">
    0.016s
  </td>
  <td class="result">
                               
          <i>Method arguments: </i><span class="arguments">"Nagpur", "Katol Road,Vrindavan Colony", "Ring Road,Dighori", "11/11/2014", "7:15 a.m.", "Sedan", "test", "abc", "8892566529", "sabyasachi2189@gmail.com"</span><br />
    
        

      </td>
</tr>
<tr>
  <td class="method">
                  pointToPointBookingTest
      </td>
  <td class="duration">
    0.000s
  </td>
  <td class="result">
                               
          <i>Method arguments: </i><span class="arguments">"Bangalore", "Marathahalli", "Majestic", "11/11/2014", "6:15 a.m.", "Sedan", "xyz", "abc", "8892566529", "sabyasachi2189@gmail.com"</span><br />
    
        

      </td>
</tr>
<tr>
  <td class="method">
                  pointToPointBookingTest
      </td>
  <td class="duration">
    0.000s
  </td>
  <td class="result">
                               
          <i>Method arguments: </i><span class="arguments">"Bangalore", "yamalur", "Chamarajpet", "11/11/2014", "7:15 a.m.", "Sedan", "test", "abc", "8892566529", "sabyasachi2189@gmail.com"</span><br />
    
        

      </td>
</tr>
      </table>

  
</body>
</html>
