<?xml version="1.0" encoding="UTF-8"?>
<!-- Generated by org.testng.reporters.JUnitXMLReporter -->
<testsuite hostname="SABYA-TI8237" name="AirportTest" tests="2" failures="0" timestamp="18 Aug 2014 11:32:17 GMT" time="56.979" errors="0">
  <testcase name="pointToPointBookingTest" time="15.754" classname="com.taxiforsure.testCases.PointToPointBookingsTest"/>
  <testcase name="pointToPointBookingTest" time="15.431" classname="com.taxiforsure.testCases.PointToPointBookingsTest"/>
</testsuite> <!-- AirportTest -->
