<html>
<head>
<title>TestNG:  TaxiforsureTest</title>
<link href="../testng.css" rel="stylesheet" type="text/css" />
<link href="../my-testng.css" rel="stylesheet" type="text/css" />

<style type="text/css">
.log { display: none;} 
.stack-trace { display: none;} 
</style>
<script type="text/javascript">
<!--
function flip(e) {
  current = e.style.display;
  if (current == 'block') {
    e.style.display = 'none';
    return 0;
  }
  else {
    e.style.display = 'block';
    return 1;
  }
}

function toggleBox(szDivId, elem, msg1, msg2)
{
  var res = -1;  if (document.getElementById) {
    res = flip(document.getElementById(szDivId));
  }
  else if (document.all) {
    // this is the way old msie versions work
    res = flip(document.all[szDivId]);
  }
  if(elem) {
    if(res == 0) elem.innerHTML = msg1; else elem.innerHTML = msg2;
  }

}

function toggleAllBoxes() {
  if (document.getElementsByTagName) {
    d = document.getElementsByTagName('div');
    for (i = 0; i < d.length; i++) {
      if (d[i].className == 'log') {
        flip(d[i]);
      }
    }
  }
}

// -->
</script>

</head>
<body>
<h2 align='center'>TaxiforsureTest</h2><table border='1' align="center">
<tr>
<td>Tests passed/Failed/Skipped:</td><td>0/1/16</td>
</tr><tr>
<td>Started on:</td><td>Wed Nov 05 15:23:19 IST 2014</td>
</tr>
<tr><td>Total time:</td><td>21 seconds (21941 ms)</td>
</tr><tr>
<td>Included groups:</td><td></td>
</tr><tr>
<td>Excluded groups:</td><td></td>
</tr>
</table><p/>
<small><i>(Hover the method name to see the test class name)</i></small><p/>
<table width='100%' border='1' class='invocation-failed'>
<tr><td colspan='4' align='center'><b>FAILED CONFIGURATIONS</b></td></tr>
<tr><td><b>Test method</b></td>
<td width="30%"><b>Exception</b></td>
<td width="10%"><b>Time (seconds)</b></td>
<td><b>Instance</b></td>
</tr>
<tr>
<td title='com.taxiforsure.testCases.TaxiForSureTest.configBeforeClass()'><b>configBeforeClass</b><br>Test class: com.taxiforsure.testCases.TaxiForSureTest</td>
<td><div><pre>org.openqa.selenium.NoSuchElementException: Unable to locate element: {&quot;method&quot;:&quot;xpath&quot;,&quot;selector&quot;:&quot;//img[@alt=&apos;Book a Taxi&apos;]&quot;}
Command duration or timeout: 47 milliseconds
For documentation on this error, please visit: http://seleniumhq.org/exceptions/no_such_element.html
Build info: version: &apos;2.44.0&apos;, revision: &apos;76d78cf&apos;, time: &apos;2014-10-23 20:03:00&apos;
System info: host: &apos;SABYA-TI8158&apos;, ip: &apos;172.16.10.175&apos;, os.name: &apos;Windows 7&apos;, os.arch: &apos;x86&apos;, os.version: &apos;6.1&apos;, java.version: &apos;1.7.0_71&apos;
Session ID: 4c4cc91a-6c4d-497e-afe0-15601686f426
Driver info: org.openqa.selenium.firefox.FirefoxDriver
Capabilities [{platform=WINDOWS, acceptSslCerts=true, javascriptEnabled=true, cssSelectorsEnabled=true, databaseEnabled=true, browserName=firefox, handlesAlerts=true, nativeEvents=true, webStorageEnabled=true, rotatable=false, locationContextEnabled=true, applicationCacheEnabled=true, takesScreenshot=true, version=33.0.2}]
	at org.openqa.selenium.remote.ErrorHandler.createThrowable(ErrorHandler.java:204)
	at org.openqa.selenium.remote.ErrorHandler.throwIfResponseFailed(ErrorHandler.java:156)
	at org.openqa.selenium.remote.RemoteWebDriver.execute(RemoteWebDriver.java:599)
	at org.openqa.selenium.remote.RemoteWebDriver.findElement(RemoteWebDriver.java:352)
	at org.openqa.selenium.remote.RemoteWebDriver.findElementByXPath(RemoteWebDriver.java:449)
	at org.openqa.selenium.By$ByXPath.findElement(By.java:357)
	at org.openqa.selenium.remote.RemoteWebDriver.findElement(RemoteWebDriver.java:344)
	at org.openqa.selenium.support.pagefactory.DefaultElementLocator.findElement(DefaultElementLocator.java:59)
	at org.openqa.selenium.support.pagefactory.internal.LocatingElementHandler.invoke(LocatingElementHandler.java:37)
	at com.sun.proxy.$Proxy8.click(Unknown Source)
	at com.taxiforsure.testCases.TaxiForSureTest.configBeforeClass(TaxiForSureTest.java:104)
Caused by: org.openqa.selenium.NoSuchElementException: Unable to locate element: {&quot;method&quot;:&quot;xpath&quot;,&quot;selector&quot;:&quot;//img[@alt=&apos;Book a Taxi&apos;]&quot;}
For documentation on this error, please visit: http://seleniumhq.org/exceptions/no_such_element.html
Build info: version: &apos;2.44.0&apos;, revision: &apos;76d78cf&apos;, time: &apos;2014-10-23 20:03:00&apos;
System info: host: &apos;SABYA-TI8158&apos;, ip: &apos;172.16.10.175&apos;, os.name: &apos;Windows 7&apos;, os.arch: &apos;x86&apos;, os.version: &apos;6.1&apos;, java.version: &apos;1.7.0_71&apos;
Driver info: driver.version: unknown
	at &lt;anonymous class&gt;.FirefoxDriver.prototype.findElementInternal_(file:///C:/Users/SABYAS~1.MIS/AppData/Local/Temp/anonymous8910743203062570352webdriver-profile/extensions/fxdriver@googlecode.com/components/driver-component.js:9641:26)
	at &lt;anonymous class&gt;.FirefoxDriver.prototype.findElement(file:///C:/Users/SABYAS~1.MIS/AppData/Local/Temp/anonymous8910743203062570352webdriver-profile/extensions/fxdriver@googlecode.com/components/driver-component.js:9650:3)
	at &lt;anonymous class&gt;.DelayedCommand.prototype.executeInternal_/h(file:///C:/Users/SABYAS~1.MIS/AppData/Local/Temp/anonymous8910743203062570352webdriver-profile/extensions/fxdriver@googlecode.com/components/command-processor.js:11635:16)
	at &lt;anonymous class&gt;.DelayedCommand.prototype.executeInternal_(file:///C:/Users/SABYAS~1.MIS/AppData/Local/Temp/anonymous8910743203062570352webdriver-profile/extensions/fxdriver@googlecode.com/components/command-processor.js:11640:7)
	at &lt;anonymous class&gt;.DelayedCommand.prototype.execute/&lt;(file:///C:/Users/SABYAS~1.MIS/AppData/Local/Temp/anonymous8910743203062570352webdriver-profile/extensions/fxdriver@googlecode.com/components/command-processor.js:11582:5)
... Removed 28 stack frames</pre></div><a href='#' onClick='toggleBox("stack-trace2572211", this, "Click to show all stack frames", "Click to hide stack frames")'>Click to show all stack frames</a>
<div class='stack-trace' id='stack-trace2572211'><pre>org.openqa.selenium.NoSuchElementException: Unable to locate element: {&quot;method&quot;:&quot;xpath&quot;,&quot;selector&quot;:&quot;//img[@alt=&apos;Book a Taxi&apos;]&quot;}
Command duration or timeout: 47 milliseconds
For documentation on this error, please visit: http://seleniumhq.org/exceptions/no_such_element.html
Build info: version: &apos;2.44.0&apos;, revision: &apos;76d78cf&apos;, time: &apos;2014-10-23 20:03:00&apos;
System info: host: &apos;SABYA-TI8158&apos;, ip: &apos;172.16.10.175&apos;, os.name: &apos;Windows 7&apos;, os.arch: &apos;x86&apos;, os.version: &apos;6.1&apos;, java.version: &apos;1.7.0_71&apos;
Session ID: 4c4cc91a-6c4d-497e-afe0-15601686f426
Driver info: org.openqa.selenium.firefox.FirefoxDriver
Capabilities [{platform=WINDOWS, acceptSslCerts=true, javascriptEnabled=true, cssSelectorsEnabled=true, databaseEnabled=true, browserName=firefox, handlesAlerts=true, nativeEvents=true, webStorageEnabled=true, rotatable=false, locationContextEnabled=true, applicationCacheEnabled=true, takesScreenshot=true, version=33.0.2}]
	at sun.reflect.NativeConstructorAccessorImpl.newInstance0(Native Method)
	at sun.reflect.NativeConstructorAccessorImpl.newInstance(Unknown Source)
	at sun.reflect.DelegatingConstructorAccessorImpl.newInstance(Unknown Source)
	at java.lang.reflect.Constructor.newInstance(Unknown Source)
	at org.openqa.selenium.remote.ErrorHandler.createThrowable(ErrorHandler.java:204)
	at org.openqa.selenium.remote.ErrorHandler.throwIfResponseFailed(ErrorHandler.java:156)
	at org.openqa.selenium.remote.RemoteWebDriver.execute(RemoteWebDriver.java:599)
	at org.openqa.selenium.remote.RemoteWebDriver.findElement(RemoteWebDriver.java:352)
	at org.openqa.selenium.remote.RemoteWebDriver.findElementByXPath(RemoteWebDriver.java:449)
	at org.openqa.selenium.By$ByXPath.findElement(By.java:357)
	at org.openqa.selenium.remote.RemoteWebDriver.findElement(RemoteWebDriver.java:344)
	at org.openqa.selenium.support.pagefactory.DefaultElementLocator.findElement(DefaultElementLocator.java:59)
	at org.openqa.selenium.support.pagefactory.internal.LocatingElementHandler.invoke(LocatingElementHandler.java:37)
	at com.sun.proxy.$Proxy8.click(Unknown Source)
	at com.taxiforsure.testCases.TaxiForSureTest.configBeforeClass(TaxiForSureTest.java:104)
	at sun.reflect.NativeMethodAccessorImpl.invoke0(Native Method)
	at sun.reflect.NativeMethodAccessorImpl.invoke(Unknown Source)
	at sun.reflect.DelegatingMethodAccessorImpl.invoke(Unknown Source)
	at java.lang.reflect.Method.invoke(Unknown Source)
	at org.testng.internal.MethodInvocationHelper.invokeMethod(MethodInvocationHelper.java:84)
	at org.testng.internal.Invoker.invokeConfigurationMethod(Invoker.java:564)
	at org.testng.internal.Invoker.invokeConfigurations(Invoker.java:213)
	at org.testng.internal.Invoker.invokeConfigurations(Invoker.java:138)
	at org.testng.internal.TestMethodWorker.invokeBeforeClassMethods(TestMethodWorker.java:175)
	at org.testng.internal.TestMethodWorker.run(TestMethodWorker.java:107)
	at org.testng.TestRunner.privateRun(TestRunner.java:767)
	at org.testng.TestRunner.run(TestRunner.java:617)
	at org.testng.SuiteRunner.runTest(SuiteRunner.java:334)
	at org.testng.SuiteRunner.runSequentially(SuiteRunner.java:329)
	at org.testng.SuiteRunner.privateRun(SuiteRunner.java:291)
	at org.testng.SuiteRunner.run(SuiteRunner.java:240)
	at org.testng.SuiteRunnerWorker.runSuite(SuiteRunnerWorker.java:52)
	at org.testng.SuiteRunnerWorker.run(SuiteRunnerWorker.java:86)
	at org.testng.TestNG.runSuitesSequentially(TestNG.java:1224)
	at org.testng.TestNG.runSuitesLocally(TestNG.java:1149)
	at org.testng.TestNG.run(TestNG.java:1057)
	at org.testng.remote.RemoteTestNG.run(RemoteTestNG.java:111)
	at org.testng.remote.RemoteTestNG.initAndRun(RemoteTestNG.java:204)
	at org.testng.remote.RemoteTestNG.main(RemoteTestNG.java:175)
Caused by: org.openqa.selenium.NoSuchElementException: Unable to locate element: {&quot;method&quot;:&quot;xpath&quot;,&quot;selector&quot;:&quot;//img[@alt=&apos;Book a Taxi&apos;]&quot;}
For documentation on this error, please visit: http://seleniumhq.org/exceptions/no_such_element.html
Build info: version: &apos;2.44.0&apos;, revision: &apos;76d78cf&apos;, time: &apos;2014-10-23 20:03:00&apos;
System info: host: &apos;SABYA-TI8158&apos;, ip: &apos;172.16.10.175&apos;, os.name: &apos;Windows 7&apos;, os.arch: &apos;x86&apos;, os.version: &apos;6.1&apos;, java.version: &apos;1.7.0_71&apos;
Driver info: driver.version: unknown
	at &lt;anonymous class&gt;.FirefoxDriver.prototype.findElementInternal_(file:///C:/Users/SABYAS~1.MIS/AppData/Local/Temp/anonymous8910743203062570352webdriver-profile/extensions/fxdriver@googlecode.com/components/driver-component.js:9641:26)
	at &lt;anonymous class&gt;.FirefoxDriver.prototype.findElement(file:///C:/Users/SABYAS~1.MIS/AppData/Local/Temp/anonymous8910743203062570352webdriver-profile/extensions/fxdriver@googlecode.com/components/driver-component.js:9650:3)
	at &lt;anonymous class&gt;.DelayedCommand.prototype.executeInternal_/h(file:///C:/Users/SABYAS~1.MIS/AppData/Local/Temp/anonymous8910743203062570352webdriver-profile/extensions/fxdriver@googlecode.com/components/command-processor.js:11635:16)
	at &lt;anonymous class&gt;.DelayedCommand.prototype.executeInternal_(file:///C:/Users/SABYAS~1.MIS/AppData/Local/Temp/anonymous8910743203062570352webdriver-profile/extensions/fxdriver@googlecode.com/components/command-processor.js:11640:7)
	at &lt;anonymous class&gt;.DelayedCommand.prototype.execute/&lt;(file:///C:/Users/SABYAS~1.MIS/AppData/Local/Temp/anonymous8910743203062570352webdriver-profile/extensions/fxdriver@googlecode.com/components/command-processor.js:11582:5)
</pre></div></td>
<td>0</td>
<td>com.taxiforsure.testCases.TaxiForSureTest@161091e</td></tr>
</table><p>
<table width='100%' border='1' class='invocation-skipped'>
<tr><td colspan='4' align='center'><b>SKIPPED CONFIGURATIONS</b></td></tr>
<tr><td><b>Test method</b></td>
<td width="30%"><b>Exception</b></td>
<td width="10%"><b>Time (seconds)</b></td>
<td><b>Instance</b></td>
</tr>
<tr>
<td title='com.taxiforsure.testCases.TaxiForSureTest.showBookings()'><b>showBookings</b><br>Test class: com.taxiforsure.testCases.TaxiForSureTest</td>
<td></td>
<td>0</td>
<td>com.taxiforsure.testCases.TaxiForSureTest@161091e</td></tr>
</table><p>
<table width='100%' border='1' class='invocation-skipped'>
<tr><td colspan='4' align='center'><b>SKIPPED TESTS</b></td></tr>
<tr><td><b>Test method</b></td>
<td width="30%"><b>Exception</b></td>
<td width="10%"><b>Time (seconds)</b></td>
<td><b>Instance</b></td>
</tr>
<tr>
<td title='com.taxiforsure.testCases.TaxiForSureTest.HalfDayOrFullDayTest()'><b>HalfDayOrFullDayTest</b><br>Test class: com.taxiforsure.testCases.TaxiForSureTest<br>Parameters: Bangalore, 4hrs 40Kms, Majestic, Maruthi Nagar, 11/11/2014, 6:15 a.m., Sedan, abc, xyz, 8892566529, sabyasachi2189@gmail.com</td>
<td></td>
<td>0</td>
<td>com.taxiforsure.testCases.TaxiForSureTest@161091e</td></tr>
<tr>
<td title='com.taxiforsure.testCases.TaxiForSureTest.HalfDayOrFullDayTest()'><b>HalfDayOrFullDayTest</b><br>Test class: com.taxiforsure.testCases.TaxiForSureTest<br>Parameters: Bangalore, 8hrs 80Kms, yamalur, Chamarajpet, 11/11/2014, 6:15 a.m., Sedan, abc, xyz, 8892566529, sabyasachi2189@gmail.com</td>
<td></td>
<td>0</td>
<td>com.taxiforsure.testCases.TaxiForSureTest@161091e</td></tr>
<tr>
<td title='com.taxiforsure.testCases.TaxiForSureTest.HalfDayOrFullDayTest()'><b>HalfDayOrFullDayTest</b><br>Test class: com.taxiforsure.testCases.TaxiForSureTest<br>Parameters: Nagpur, 4hrs 40Kms, Katol Road,Vrindavan Colony, x, 11/11/2015, 6:15 a.m., Sedan, abc, xyz, 8892566529, sabyasachi2189@gmail.com</td>
<td></td>
<td>0</td>
<td>com.taxiforsure.testCases.TaxiForSureTest@161091e</td></tr>
<tr>
<td title='com.taxiforsure.testCases.TaxiForSureTest.HalfDayOrFullDayTest()'><b>HalfDayOrFullDayTest</b><br>Test class: com.taxiforsure.testCases.TaxiForSureTest<br>Parameters: Nagpur, 8hrs 80Kms, Ring Road,Dighori, x, 11/11/2016, 6:15 a.m., Sedan, abc, xyz, 8892566529, sabyasachi2189@gmail.com</td>
<td></td>
<td>0</td>
<td>com.taxiforsure.testCases.TaxiForSureTest@161091e</td></tr>
<tr>
<td title='com.taxiforsure.testCases.TaxiForSureTest.commingFromAirportTest()'><b>commingFromAirportTest</b><br>Test class: com.taxiforsure.testCases.TaxiForSureTest<br>Parameters: Bangalore, Bangalore Airport, 11/11/2014, 6:15 a.m., Majestic, Sedan, Flat, 8892566529, sabyasachi2189@gmail.com</td>
<td></td>
<td>0</td>
<td>com.taxiforsure.testCases.TaxiForSureTest@161091e</td></tr>
<tr>
<td title='com.taxiforsure.testCases.TaxiForSureTest.commingFromAirportTest()'><b>commingFromAirportTest</b><br>Test class: com.taxiforsure.testCases.TaxiForSureTest<br>Parameters: Bangalore, Bangalore Airport, 11/11/2014, 6:15 a.m., yamalur, Sedan, Flat, 8892566529, sabyasachi2189@gmail.com</td>
<td></td>
<td>0</td>
<td>com.taxiforsure.testCases.TaxiForSureTest@161091e</td></tr>
<tr>
<td title='com.taxiforsure.testCases.TaxiForSureTest.commingFromAirportTest()'><b>commingFromAirportTest</b><br>Test class: com.taxiforsure.testCases.TaxiForSureTest<br>Parameters: Nagpur, Nagpur Airport, 11/11/2014, 6:15 a.m., Ring Road,Dighori, Sedan, Flat, 8892566529, sabyasachi2189@gmail.com</td>
<td></td>
<td>0</td>
<td>com.taxiforsure.testCases.TaxiForSureTest@161091e</td></tr>
<tr>
<td title='com.taxiforsure.testCases.TaxiForSureTest.commingFromAirportTest()'><b>commingFromAirportTest</b><br>Test class: com.taxiforsure.testCases.TaxiForSureTest<br>Parameters: Nagpur, Nagpur Airport, 11/11/2014, 6:15 a.m., Katol Road,Vrindavan Colony, Sedan, Flat, 8892566529, sabyasachi2189@gmail.com</td>
<td></td>
<td>0</td>
<td>com.taxiforsure.testCases.TaxiForSureTest@161091e</td></tr>
<tr>
<td title='com.taxiforsure.testCases.TaxiForSureTest.goToAirportTest()'><b>goToAirportTest</b><br>Test class: com.taxiforsure.testCases.TaxiForSureTest<br>Parameters: Bangalore, Bangalore Airport, 11/11/2014, 6:15 a.m., Majestic, Tata Indica AC, Flat, xyz, abc, 8892566529, sabyasachi2189@gmail.com</td>
<td></td>
<td>0</td>
<td>com.taxiforsure.testCases.TaxiForSureTest@161091e</td></tr>
<tr>
<td title='com.taxiforsure.testCases.TaxiForSureTest.goToAirportTest()'><b>goToAirportTest</b><br>Test class: com.taxiforsure.testCases.TaxiForSureTest<br>Parameters: Bangalore, Bangalore Airport, 11/11/2014, 6:15 a.m., yamalur, Tata Indica AC, Flat, xyz, abc, 8892566529, sabyasachi2189@gmail.com</td>
<td></td>
<td>0</td>
<td>com.taxiforsure.testCases.TaxiForSureTest@161091e</td></tr>
<tr>
<td title='com.taxiforsure.testCases.TaxiForSureTest.goToAirportTest()'><b>goToAirportTest</b><br>Test class: com.taxiforsure.testCases.TaxiForSureTest<br>Parameters: Nagpur, Nagpur Airport, 11/11/2014, 6:15 a.m., Katol Road,Vrindavan Colony, Sedan, Flat, xyz, abc, 8892566529, sabyasachi2189@gmail.com</td>
<td></td>
<td>0</td>
<td>com.taxiforsure.testCases.TaxiForSureTest@161091e</td></tr>
<tr>
<td title='com.taxiforsure.testCases.TaxiForSureTest.goToAirportTest()'><b>goToAirportTest</b><br>Test class: com.taxiforsure.testCases.TaxiForSureTest<br>Parameters: Nagpur, Nagpur Airport, 11/11/2014, 6:15 a.m., Ring Road,Dighori, Sedan, Flat, xyz, abc, 8892566529, sabyasachi2189@gmail.com</td>
<td></td>
<td>0</td>
<td>com.taxiforsure.testCases.TaxiForSureTest@161091e</td></tr>
<tr>
<td title='com.taxiforsure.testCases.TaxiForSureTest.outstationBookingTest()'><b>outstationBookingTest</b><br>Test class: com.taxiforsure.testCases.TaxiForSureTest</td>
<td><div><pre>java.lang.RuntimeException: java.lang.NullPointerException
Caused by: java.lang.NullPointerException
	at com.taxiforsure.utility.ReadDataFromExcel.getCellData(ReadDataFromExcel.java:84)
	at com.taxiforsure.utility.ReadDataFromExcel.testData(ReadDataFromExcel.java:58)
	at com.taxiforsure.testCases.TaxiForSureTest.getData3(TaxiForSureTest.java:717)
	... 20 more
... Removed 27 stack frames</pre></div><a href='#' onClick='toggleBox("stack-trace15264335", this, "Click to show all stack frames", "Click to hide stack frames")'>Click to show all stack frames</a>
<div class='stack-trace' id='stack-trace15264335'><pre>java.lang.RuntimeException: java.lang.NullPointerException
	at org.testng.internal.MethodInvocationHelper.invokeDataProvider(MethodInvocationHelper.java:161)
	at org.testng.internal.Parameters.handleParameters(Parameters.java:429)
	at org.testng.internal.Invoker.handleParameters(Invoker.java:1383)
	at org.testng.internal.Invoker.createParameters(Invoker.java:1075)
	at org.testng.internal.Invoker.invokeTestMethods(Invoker.java:1180)
	at org.testng.internal.TestMethodWorker.invokeTestMethods(TestMethodWorker.java:127)
	at org.testng.internal.TestMethodWorker.run(TestMethodWorker.java:111)
	at org.testng.TestRunner.privateRun(TestRunner.java:767)
	at org.testng.TestRunner.run(TestRunner.java:617)
	at org.testng.SuiteRunner.runTest(SuiteRunner.java:334)
	at org.testng.SuiteRunner.runSequentially(SuiteRunner.java:329)
	at org.testng.SuiteRunner.privateRun(SuiteRunner.java:291)
	at org.testng.SuiteRunner.run(SuiteRunner.java:240)
	at org.testng.SuiteRunnerWorker.runSuite(SuiteRunnerWorker.java:52)
	at org.testng.SuiteRunnerWorker.run(SuiteRunnerWorker.java:86)
	at org.testng.TestNG.runSuitesSequentially(TestNG.java:1224)
	at org.testng.TestNG.runSuitesLocally(TestNG.java:1149)
	at org.testng.TestNG.run(TestNG.java:1057)
	at org.testng.remote.RemoteTestNG.run(RemoteTestNG.java:111)
	at org.testng.remote.RemoteTestNG.initAndRun(RemoteTestNG.java:204)
	at org.testng.remote.RemoteTestNG.main(RemoteTestNG.java:175)
Caused by: java.lang.NullPointerException
	at com.taxiforsure.utility.ReadDataFromExcel.getCellData(ReadDataFromExcel.java:84)
	at com.taxiforsure.utility.ReadDataFromExcel.testData(ReadDataFromExcel.java:58)
	at com.taxiforsure.testCases.TaxiForSureTest.getData3(TaxiForSureTest.java:717)
	at sun.reflect.NativeMethodAccessorImpl.invoke0(Native Method)
	at sun.reflect.NativeMethodAccessorImpl.invoke(Unknown Source)
	at sun.reflect.DelegatingMethodAccessorImpl.invoke(Unknown Source)
	at java.lang.reflect.Method.invoke(Unknown Source)
	at org.testng.internal.MethodInvocationHelper.invokeMethod(MethodInvocationHelper.java:84)
	at org.testng.internal.MethodInvocationHelper.invokeDataProvider(MethodInvocationHelper.java:135)
	... 20 more
</pre></div></td>
<td>0</td>
<td>com.taxiforsure.testCases.TaxiForSureTest@161091e</td></tr>
<tr>
<td title='com.taxiforsure.testCases.TaxiForSureTest.pointToPointBookingTest()'><b>pointToPointBookingTest</b><br>Test class: com.taxiforsure.testCases.TaxiForSureTest<br>Parameters: Bangalore, Marathahalli, Majestic, 11/11/2014, 6:15 a.m., Sedan, xyz, abc, 8892566529, sabyasachi2189@gmail.com</td>
<td></td>
<td>0</td>
<td>com.taxiforsure.testCases.TaxiForSureTest@161091e</td></tr>
<tr>
<td title='com.taxiforsure.testCases.TaxiForSureTest.pointToPointBookingTest()'><b>pointToPointBookingTest</b><br>Test class: com.taxiforsure.testCases.TaxiForSureTest<br>Parameters: Bangalore, yamalur, Chamarajpet, 11/11/2014, 7:15 a.m., Sedan, test, abc, 8892566529, sabyasachi2189@gmail.com</td>
<td></td>
<td>0</td>
<td>com.taxiforsure.testCases.TaxiForSureTest@161091e</td></tr>
<tr>
<td title='com.taxiforsure.testCases.TaxiForSureTest.pointToPointBookingTest()'><b>pointToPointBookingTest</b><br>Test class: com.taxiforsure.testCases.TaxiForSureTest<br>Parameters: Nagpur, Katol Road,Vrindavan Colony, Ring Road,Dighori, 11/11/2014, 7:15 a.m., Sedan, test, abc, 8892566529, sabyasachi2189@gmail.com</td>
<td></td>
<td>0</td>
<td>com.taxiforsure.testCases.TaxiForSureTest@161091e</td></tr>
<tr>
<td title='com.taxiforsure.testCases.TaxiForSureTest.pointToPointBookingTest()'><b>pointToPointBookingTest</b><br>Test class: com.taxiforsure.testCases.TaxiForSureTest<br>Parameters: Nagpur, Ring Road,Dighori, Katol Road,Vrindavan Colony, 11/11/2014, 7:15 a.m., Sedan, test, abc, 8892566529, sabyasachi2189@gmail.com</td>
<td></td>
<td>0</td>
<td>com.taxiforsure.testCases.TaxiForSureTest@161091e</td></tr>
</table><p>
</body>
</html>