<html>
<head>
<title>TestNG:  TaxiForSureBookingsTest</title>
<link href="../testng.css" rel="stylesheet" type="text/css" />
<link href="../my-testng.css" rel="stylesheet" type="text/css" />

<style type="text/css">
.log { display: none;} 
.stack-trace { display: none;} 
</style>
<script type="text/javascript">
<!--
function flip(e) {
  current = e.style.display;
  if (current == 'block') {
    e.style.display = 'none';
    return 0;
  }
  else {
    e.style.display = 'block';
    return 1;
  }
}

function toggleBox(szDivId, elem, msg1, msg2)
{
  var res = -1;  if (document.getElementById) {
    res = flip(document.getElementById(szDivId));
  }
  else if (document.all) {
    // this is the way old msie versions work
    res = flip(document.all[szDivId]);
  }
  if(elem) {
    if(res == 0) elem.innerHTML = msg1; else elem.innerHTML = msg2;
  }

}

function toggleAllBoxes() {
  if (document.getElementsByTagName) {
    d = document.getElementsByTagName('div');
    for (i = 0; i < d.length; i++) {
      if (d[i].className == 'log') {
        flip(d[i]);
      }
    }
  }
}

// -->
</script>

</head>
<body>
<h2 align='center'>TaxiForSureBookingsTest</h2><table border='1' align="center">
<tr>
<td>Tests passed/Failed/Skipped:</td><td>10/8/0</td>
</tr><tr>
<td>Started on:</td><td>Mon Sep 15 13:15:04 IST 2014</td>
</tr>
<tr><td>Total time:</td><td>1476 seconds (1476192 ms)</td>
</tr><tr>
<td>Included groups:</td><td></td>
</tr><tr>
<td>Excluded groups:</td><td></td>
</tr>
</table><p/>
<small><i>(Hover the method name to see the test class name)</i></small><p/>
<table width='100%' border='1' class='invocation-failed'>
<tr><td colspan='4' align='center'><b>FAILED TESTS</b></td></tr>
<tr><td><b>Test method</b></td>
<td width="30%"><b>Exception</b></td>
<td width="10%"><b>Time (seconds)</b></td>
<td><b>Instance</b></td>
</tr>
<tr>
<td title='com.taxiforsure.testCases.TaxiForSureTest.HalfDayOrFullDayTest()'><b>HalfDayOrFullDayTest</b><br>Test class: com.taxiforsure.testCases.TaxiForSureTest<br>Parameters: Pune, 4 Hours 40 Kms, KVP Sapatnekar Marg,Anand Park,Aundh, Market Yard,Gultekdi, 30/09/2014, 11:15 p.m., Sedan, abc, xyz, 8892566529, sabyasachi2189@gmail.com<br/>
<a href="#Output-11528571" onClick='toggleBox("Output-11528571", this, "Show output", "Hide output");'>Show output</a>

<a href="#Output-11528571" onClick="toggleAllBoxes();">Show all outputs</a>
<div class='log' id="Output-11528571">
<a href="D:\Projects\TaxiForSureTest\screenshot\HalfDayOrFullDayTest().png">  ScreenShot  </a><br/>
</div>
</td>
<td><div><pre>org.openqa.selenium.ElementNotVisibleException: Element is not currently visible and so may not be interacted with
Command duration or timeout: 20.02 seconds
Build info: version: &apos;2.42.2&apos;, revision: &apos;6a6995d&apos;, time: &apos;2014-06-03 17:42:30&apos;
System info: host: &apos;SABYA-TI8237&apos;, ip: &apos;172.16.10.211&apos;, os.name: &apos;Windows 7&apos;, os.arch: &apos;x86&apos;, os.version: &apos;6.1&apos;, java.version: &apos;1.7.0_65&apos;
Session ID: 02e6f9b0-7103-477e-8a20-c6a4664c018b
Driver info: org.openqa.selenium.firefox.FirefoxDriver
Capabilities [{platform=XP, databaseEnabled=true, cssSelectorsEnabled=true, javascriptEnabled=true, acceptSslCerts=true, handlesAlerts=true, browserName=firefox, webStorageEnabled=true, nativeEvents=false, rotatable=false, locationContextEnabled=true, applicationCacheEnabled=true, takesScreenshot=true, version=31.0}]
	at org.openqa.selenium.remote.ErrorHandler.createThrowable(ErrorHandler.java:204)
	at org.openqa.selenium.remote.ErrorHandler.throwIfResponseFailed(ErrorHandler.java:156)
	at org.openqa.selenium.remote.RemoteWebDriver.execute(RemoteWebDriver.java:599)
	at org.openqa.selenium.remote.RemoteWebElement.execute(RemoteWebElement.java:268)
	at org.openqa.selenium.remote.RemoteWebElement.click(RemoteWebElement.java:79)
	at org.openqa.selenium.support.pagefactory.internal.LocatingElementHandler.invoke(LocatingElementHandler.java:41)
	at com.sun.proxy.$Proxy11.click(Unknown Source)
	at com.taxiforsure.testCases.TaxiForSureTest.HalfDayOrFullDayTest(TaxiForSureTest.java:526)
Caused by: org.openqa.selenium.remote.ErrorHandler$UnknownServerException: Element is not currently visible and so may not be interacted with
Build info: version: &apos;2.42.2&apos;, revision: &apos;6a6995d&apos;, time: &apos;2014-06-03 17:42:30&apos;
System info: host: &apos;SABYA-TI8237&apos;, ip: &apos;172.16.10.211&apos;, os.name: &apos;Windows 7&apos;, os.arch: &apos;x86&apos;, os.version: &apos;6.1&apos;, java.version: &apos;1.7.0_65&apos;
Driver info: driver.version: unknown
	at &lt;anonymous class&gt;.fxdriver.preconditions.visible(file:///C:/Users/SABYAS~1.MIS/AppData/Local/Temp/anonymous4458166091702773958webdriver-profile/extensions/fxdriver@googlecode.com/components/command_processor.js:8791:5)
	at &lt;anonymous class&gt;.DelayedCommand.prototype.checkPreconditions_(file:///C:/Users/SABYAS~1.MIS/AppData/Local/Temp/anonymous4458166091702773958webdriver-profile/extensions/fxdriver@googlecode.com/components/command_processor.js:11438:1)
	at &lt;anonymous class&gt;.DelayedCommand.prototype.executeInternal_/h(file:///C:/Users/SABYAS~1.MIS/AppData/Local/Temp/anonymous4458166091702773958webdriver-profile/extensions/fxdriver@googlecode.com/components/command_processor.js:11455:11)
	at &lt;anonymous class&gt;.fxdriver.Timer.prototype.setTimeout/&lt;.notify(file:///C:/Users/SABYAS~1.MIS/AppData/Local/Temp/anonymous4458166091702773958webdriver-profile/extensions/fxdriver@googlecode.com/components/command_processor.js:407:5)
... Removed 31 stack frames</pre></div><a href='#' onClick='toggleBox("stack-trace11528571", this, "Click to show all stack frames", "Click to hide stack frames")'>Click to show all stack frames</a>
<div class='stack-trace' id='stack-trace11528571'><pre>org.openqa.selenium.ElementNotVisibleException: Element is not currently visible and so may not be interacted with
Command duration or timeout: 20.02 seconds
Build info: version: &apos;2.42.2&apos;, revision: &apos;6a6995d&apos;, time: &apos;2014-06-03 17:42:30&apos;
System info: host: &apos;SABYA-TI8237&apos;, ip: &apos;172.16.10.211&apos;, os.name: &apos;Windows 7&apos;, os.arch: &apos;x86&apos;, os.version: &apos;6.1&apos;, java.version: &apos;1.7.0_65&apos;
Session ID: 02e6f9b0-7103-477e-8a20-c6a4664c018b
Driver info: org.openqa.selenium.firefox.FirefoxDriver
Capabilities [{platform=XP, databaseEnabled=true, cssSelectorsEnabled=true, javascriptEnabled=true, acceptSslCerts=true, handlesAlerts=true, browserName=firefox, webStorageEnabled=true, nativeEvents=false, rotatable=false, locationContextEnabled=true, applicationCacheEnabled=true, takesScreenshot=true, version=31.0}]
	at sun.reflect.NativeConstructorAccessorImpl.newInstance0(Native Method)
	at sun.reflect.NativeConstructorAccessorImpl.newInstance(Unknown Source)
	at sun.reflect.DelegatingConstructorAccessorImpl.newInstance(Unknown Source)
	at java.lang.reflect.Constructor.newInstance(Unknown Source)
	at org.openqa.selenium.remote.ErrorHandler.createThrowable(ErrorHandler.java:204)
	at org.openqa.selenium.remote.ErrorHandler.throwIfResponseFailed(ErrorHandler.java:156)
	at org.openqa.selenium.remote.RemoteWebDriver.execute(RemoteWebDriver.java:599)
	at org.openqa.selenium.remote.RemoteWebElement.execute(RemoteWebElement.java:268)
	at org.openqa.selenium.remote.RemoteWebElement.click(RemoteWebElement.java:79)
	at sun.reflect.GeneratedMethodAccessor20.invoke(Unknown Source)
	at sun.reflect.DelegatingMethodAccessorImpl.invoke(Unknown Source)
	at java.lang.reflect.Method.invoke(Unknown Source)
	at org.openqa.selenium.support.pagefactory.internal.LocatingElementHandler.invoke(LocatingElementHandler.java:41)
	at com.sun.proxy.$Proxy11.click(Unknown Source)
	at com.taxiforsure.testCases.TaxiForSureTest.HalfDayOrFullDayTest(TaxiForSureTest.java:526)
	at sun.reflect.NativeMethodAccessorImpl.invoke0(Native Method)
	at sun.reflect.NativeMethodAccessorImpl.invoke(Unknown Source)
	at sun.reflect.DelegatingMethodAccessorImpl.invoke(Unknown Source)
	at java.lang.reflect.Method.invoke(Unknown Source)
	at org.testng.internal.MethodInvocationHelper.invokeMethod(MethodInvocationHelper.java:84)
	at org.testng.internal.Invoker.invokeMethod(Invoker.java:714)
	at org.testng.internal.Invoker.invokeTestMethod(Invoker.java:901)
	at org.testng.internal.Invoker.invokeTestMethods(Invoker.java:1231)
	at org.testng.internal.TestMethodWorker.invokeTestMethods(TestMethodWorker.java:127)
	at org.testng.internal.TestMethodWorker.run(TestMethodWorker.java:111)
	at org.testng.TestRunner.privateRun(TestRunner.java:767)
	at org.testng.TestRunner.run(TestRunner.java:617)
	at org.testng.SuiteRunner.runTest(SuiteRunner.java:334)
	at org.testng.SuiteRunner.runSequentially(SuiteRunner.java:329)
	at org.testng.SuiteRunner.privateRun(SuiteRunner.java:291)
	at org.testng.SuiteRunner.run(SuiteRunner.java:240)
	at org.testng.SuiteRunnerWorker.runSuite(SuiteRunnerWorker.java:52)
	at org.testng.SuiteRunnerWorker.run(SuiteRunnerWorker.java:86)
	at org.testng.TestNG.runSuitesSequentially(TestNG.java:1224)
	at org.testng.TestNG.runSuitesLocally(TestNG.java:1149)
	at org.testng.TestNG.run(TestNG.java:1057)
	at org.testng.remote.RemoteTestNG.run(RemoteTestNG.java:111)
	at org.testng.remote.RemoteTestNG.initAndRun(RemoteTestNG.java:204)
	at org.testng.remote.RemoteTestNG.main(RemoteTestNG.java:175)
Caused by: org.openqa.selenium.remote.ErrorHandler$UnknownServerException: Element is not currently visible and so may not be interacted with
Build info: version: &apos;2.42.2&apos;, revision: &apos;6a6995d&apos;, time: &apos;2014-06-03 17:42:30&apos;
System info: host: &apos;SABYA-TI8237&apos;, ip: &apos;172.16.10.211&apos;, os.name: &apos;Windows 7&apos;, os.arch: &apos;x86&apos;, os.version: &apos;6.1&apos;, java.version: &apos;1.7.0_65&apos;
Driver info: driver.version: unknown
	at &lt;anonymous class&gt;.fxdriver.preconditions.visible(file:///C:/Users/SABYAS~1.MIS/AppData/Local/Temp/anonymous4458166091702773958webdriver-profile/extensions/fxdriver@googlecode.com/components/command_processor.js:8791:5)
	at &lt;anonymous class&gt;.DelayedCommand.prototype.checkPreconditions_(file:///C:/Users/SABYAS~1.MIS/AppData/Local/Temp/anonymous4458166091702773958webdriver-profile/extensions/fxdriver@googlecode.com/components/command_processor.js:11438:1)
	at &lt;anonymous class&gt;.DelayedCommand.prototype.executeInternal_/h(file:///C:/Users/SABYAS~1.MIS/AppData/Local/Temp/anonymous4458166091702773958webdriver-profile/extensions/fxdriver@googlecode.com/components/command_processor.js:11455:11)
	at &lt;anonymous class&gt;.fxdriver.Timer.prototype.setTimeout/&lt;.notify(file:///C:/Users/SABYAS~1.MIS/AppData/Local/Temp/anonymous4458166091702773958webdriver-profile/extensions/fxdriver@googlecode.com/components/command_processor.js:407:5)
</pre></div></td>
<td>102</td>
<td>com.taxiforsure.testCases.TaxiForSureTest@1cac3d</td></tr>
<tr>
<td title='com.taxiforsure.testCases.TaxiForSureTest.HalfDayOrFullDayTest()'><b>HalfDayOrFullDayTest</b><br>Test class: com.taxiforsure.testCases.TaxiForSureTest<br>Parameters: Pune, 8 Hours 80 Kms, Mokai Vasti,Bavdhan, General Thorat Marg,Khadki, 30/09/2014, 11:15 p.m., Sedan, abc, xyz, 8892566529, sabyasachi2189@gmail.com<br/>
<a href="#Output-12443175" onClick='toggleBox("Output-12443175", this, "Show output", "Hide output");'>Show output</a>

<a href="#Output-12443175" onClick="toggleAllBoxes();">Show all outputs</a>
<div class='log' id="Output-12443175">
<a href="D:\Projects\TaxiForSureTest\screenshot\HalfDayOrFullDayTest().png">  ScreenShot  </a><br/>
</div>
</td>
<td><div><pre>java.lang.AssertionError: Taxilist is missing 
	at org.hamcrest.MatcherAssert.assertThat(MatcherAssert.java:26)
	at com.taxiforsure.testCases.TaxiForSureTest.HalfDayOrFullDayTest(TaxiForSureTest.java:513)
... Removed 24 stack frames</pre></div><a href='#' onClick='toggleBox("stack-trace12443175", this, "Click to show all stack frames", "Click to hide stack frames")'>Click to show all stack frames</a>
<div class='stack-trace' id='stack-trace12443175'><pre>java.lang.AssertionError: Taxilist is missing 
	at org.hamcrest.MatcherAssert.assertThat(MatcherAssert.java:26)
	at com.taxiforsure.testCases.TaxiForSureTest.HalfDayOrFullDayTest(TaxiForSureTest.java:513)
	at sun.reflect.NativeMethodAccessorImpl.invoke0(Native Method)
	at sun.reflect.NativeMethodAccessorImpl.invoke(Unknown Source)
	at sun.reflect.DelegatingMethodAccessorImpl.invoke(Unknown Source)
	at java.lang.reflect.Method.invoke(Unknown Source)
	at org.testng.internal.MethodInvocationHelper.invokeMethod(MethodInvocationHelper.java:84)
	at org.testng.internal.Invoker.invokeMethod(Invoker.java:714)
	at org.testng.internal.Invoker.invokeTestMethod(Invoker.java:901)
	at org.testng.internal.Invoker.invokeTestMethods(Invoker.java:1231)
	at org.testng.internal.TestMethodWorker.invokeTestMethods(TestMethodWorker.java:127)
	at org.testng.internal.TestMethodWorker.run(TestMethodWorker.java:111)
	at org.testng.TestRunner.privateRun(TestRunner.java:767)
	at org.testng.TestRunner.run(TestRunner.java:617)
	at org.testng.SuiteRunner.runTest(SuiteRunner.java:334)
	at org.testng.SuiteRunner.runSequentially(SuiteRunner.java:329)
	at org.testng.SuiteRunner.privateRun(SuiteRunner.java:291)
	at org.testng.SuiteRunner.run(SuiteRunner.java:240)
	at org.testng.SuiteRunnerWorker.runSuite(SuiteRunnerWorker.java:52)
	at org.testng.SuiteRunnerWorker.run(SuiteRunnerWorker.java:86)
	at org.testng.TestNG.runSuitesSequentially(TestNG.java:1224)
	at org.testng.TestNG.runSuitesLocally(TestNG.java:1149)
	at org.testng.TestNG.run(TestNG.java:1057)
	at org.testng.remote.RemoteTestNG.run(RemoteTestNG.java:111)
	at org.testng.remote.RemoteTestNG.initAndRun(RemoteTestNG.java:204)
	at org.testng.remote.RemoteTestNG.main(RemoteTestNG.java:175)
</pre></div></td>
<td>59</td>
<td>com.taxiforsure.testCases.TaxiForSureTest@1cac3d</td></tr>
<tr>
<td title='com.taxiforsure.testCases.TaxiForSureTest.HalfDayOrFullDayTest()'><b>HalfDayOrFullDayTest</b><br>Test class: com.taxiforsure.testCases.TaxiForSureTest<br>Parameters: Pune, 4 Hours 40 Kms, General Thorat Marg,Khadki, KVP Sapatnekar Marg,Anand Park,Aundh, 30/09/2014, 11:15 p.m., Sedan, abc, xyz, 8892566529, sabyasachi2189@gmail.com<br/>
<a href="#Output-18015983" onClick='toggleBox("Output-18015983", this, "Show output", "Hide output");'>Show output</a>

<a href="#Output-18015983" onClick="toggleAllBoxes();">Show all outputs</a>
<div class='log' id="Output-18015983">
<a href="D:\Projects\TaxiForSureTest\screenshot\HalfDayOrFullDayTest().png">  ScreenShot  </a><br/>
</div>
</td>
<td><div><pre>java.lang.AssertionError: Taxilist is missing 
	at org.hamcrest.MatcherAssert.assertThat(MatcherAssert.java:26)
	at com.taxiforsure.testCases.TaxiForSureTest.HalfDayOrFullDayTest(TaxiForSureTest.java:513)
... Removed 24 stack frames</pre></div><a href='#' onClick='toggleBox("stack-trace18015983", this, "Click to show all stack frames", "Click to hide stack frames")'>Click to show all stack frames</a>
<div class='stack-trace' id='stack-trace18015983'><pre>java.lang.AssertionError: Taxilist is missing 
	at org.hamcrest.MatcherAssert.assertThat(MatcherAssert.java:26)
	at com.taxiforsure.testCases.TaxiForSureTest.HalfDayOrFullDayTest(TaxiForSureTest.java:513)
	at sun.reflect.NativeMethodAccessorImpl.invoke0(Native Method)
	at sun.reflect.NativeMethodAccessorImpl.invoke(Unknown Source)
	at sun.reflect.DelegatingMethodAccessorImpl.invoke(Unknown Source)
	at java.lang.reflect.Method.invoke(Unknown Source)
	at org.testng.internal.MethodInvocationHelper.invokeMethod(MethodInvocationHelper.java:84)
	at org.testng.internal.Invoker.invokeMethod(Invoker.java:714)
	at org.testng.internal.Invoker.invokeTestMethod(Invoker.java:901)
	at org.testng.internal.Invoker.invokeTestMethods(Invoker.java:1231)
	at org.testng.internal.TestMethodWorker.invokeTestMethods(TestMethodWorker.java:127)
	at org.testng.internal.TestMethodWorker.run(TestMethodWorker.java:111)
	at org.testng.TestRunner.privateRun(TestRunner.java:767)
	at org.testng.TestRunner.run(TestRunner.java:617)
	at org.testng.SuiteRunner.runTest(SuiteRunner.java:334)
	at org.testng.SuiteRunner.runSequentially(SuiteRunner.java:329)
	at org.testng.SuiteRunner.privateRun(SuiteRunner.java:291)
	at org.testng.SuiteRunner.run(SuiteRunner.java:240)
	at org.testng.SuiteRunnerWorker.runSuite(SuiteRunnerWorker.java:52)
	at org.testng.SuiteRunnerWorker.run(SuiteRunnerWorker.java:86)
	at org.testng.TestNG.runSuitesSequentially(TestNG.java:1224)
	at org.testng.TestNG.runSuitesLocally(TestNG.java:1149)
	at org.testng.TestNG.run(TestNG.java:1057)
	at org.testng.remote.RemoteTestNG.run(RemoteTestNG.java:111)
	at org.testng.remote.RemoteTestNG.initAndRun(RemoteTestNG.java:204)
	at org.testng.remote.RemoteTestNG.main(RemoteTestNG.java:175)
</pre></div></td>
<td>62</td>
<td>com.taxiforsure.testCases.TaxiForSureTest@1cac3d</td></tr>
<tr>
<td title='com.taxiforsure.testCases.TaxiForSureTest.HalfDayOrFullDayTest()'><b>HalfDayOrFullDayTest</b><br>Test class: com.taxiforsure.testCases.TaxiForSureTest<br>Parameters: Pune, 8 Hours 80 Kms, Market Yard,Gultekdi, Mokai Vasti,Bavdhan, 30/09/2014, 11:15 p.m., Sedan, abc, xyz, 8892566529, sabyasachi2189@gmail.com<br/>
<a href="#Output-25266830" onClick='toggleBox("Output-25266830", this, "Show output", "Hide output");'>Show output</a>

<a href="#Output-25266830" onClick="toggleAllBoxes();">Show all outputs</a>
<div class='log' id="Output-25266830">
<a href="D:\Projects\TaxiForSureTest\screenshot\HalfDayOrFullDayTest().png">  ScreenShot  </a><br/>
</div>
</td>
<td><div><pre>java.lang.AssertionError: Taxilist is missing 
	at org.hamcrest.MatcherAssert.assertThat(MatcherAssert.java:26)
	at com.taxiforsure.testCases.TaxiForSureTest.HalfDayOrFullDayTest(TaxiForSureTest.java:513)
... Removed 24 stack frames</pre></div><a href='#' onClick='toggleBox("stack-trace25266830", this, "Click to show all stack frames", "Click to hide stack frames")'>Click to show all stack frames</a>
<div class='stack-trace' id='stack-trace25266830'><pre>java.lang.AssertionError: Taxilist is missing 
	at org.hamcrest.MatcherAssert.assertThat(MatcherAssert.java:26)
	at com.taxiforsure.testCases.TaxiForSureTest.HalfDayOrFullDayTest(TaxiForSureTest.java:513)
	at sun.reflect.NativeMethodAccessorImpl.invoke0(Native Method)
	at sun.reflect.NativeMethodAccessorImpl.invoke(Unknown Source)
	at sun.reflect.DelegatingMethodAccessorImpl.invoke(Unknown Source)
	at java.lang.reflect.Method.invoke(Unknown Source)
	at org.testng.internal.MethodInvocationHelper.invokeMethod(MethodInvocationHelper.java:84)
	at org.testng.internal.Invoker.invokeMethod(Invoker.java:714)
	at org.testng.internal.Invoker.invokeTestMethod(Invoker.java:901)
	at org.testng.internal.Invoker.invokeTestMethods(Invoker.java:1231)
	at org.testng.internal.TestMethodWorker.invokeTestMethods(TestMethodWorker.java:127)
	at org.testng.internal.TestMethodWorker.run(TestMethodWorker.java:111)
	at org.testng.TestRunner.privateRun(TestRunner.java:767)
	at org.testng.TestRunner.run(TestRunner.java:617)
	at org.testng.SuiteRunner.runTest(SuiteRunner.java:334)
	at org.testng.SuiteRunner.runSequentially(SuiteRunner.java:329)
	at org.testng.SuiteRunner.privateRun(SuiteRunner.java:291)
	at org.testng.SuiteRunner.run(SuiteRunner.java:240)
	at org.testng.SuiteRunnerWorker.runSuite(SuiteRunnerWorker.java:52)
	at org.testng.SuiteRunnerWorker.run(SuiteRunnerWorker.java:86)
	at org.testng.TestNG.runSuitesSequentially(TestNG.java:1224)
	at org.testng.TestNG.runSuitesLocally(TestNG.java:1149)
	at org.testng.TestNG.run(TestNG.java:1057)
	at org.testng.remote.RemoteTestNG.run(RemoteTestNG.java:111)
	at org.testng.remote.RemoteTestNG.initAndRun(RemoteTestNG.java:204)
	at org.testng.remote.RemoteTestNG.main(RemoteTestNG.java:175)
</pre></div></td>
<td>61</td>
<td>com.taxiforsure.testCases.TaxiForSureTest@1cac3d</td></tr>
<tr>
<td title='com.taxiforsure.testCases.TaxiForSureTest.commingFromAirportTest()'><b>commingFromAirportTest</b><br>Test class: com.taxiforsure.testCases.TaxiForSureTest<br>Parameters: Pune, Pune Airport, 30/09/2014, 6:15 a.m., KVP Sapatnekar Marg,Anand Park,Aundh, Sedan, NA, 8892566529, sabyasachi2189@gmail.com<br/>
<a href="#Output-19367488" onClick='toggleBox("Output-19367488", this, "Show output", "Hide output");'>Show output</a>

<a href="#Output-19367488" onClick="toggleAllBoxes();">Show all outputs</a>
<div class='log' id="Output-19367488">
<a href="D:\Projects\TaxiForSureTest\screenshot\commingFromAirportTest().png">  ScreenShot  </a><br/>
</div>
</td>
<td><div><pre>java.lang.AssertionError: Taxilist is missing 
	at org.hamcrest.MatcherAssert.assertThat(MatcherAssert.java:26)
	at com.taxiforsure.testCases.TaxiForSureTest.commingFromAirportTest(TaxiForSureTest.java:391)
... Removed 24 stack frames</pre></div><a href='#' onClick='toggleBox("stack-trace19367488", this, "Click to show all stack frames", "Click to hide stack frames")'>Click to show all stack frames</a>
<div class='stack-trace' id='stack-trace19367488'><pre>java.lang.AssertionError: Taxilist is missing 
	at org.hamcrest.MatcherAssert.assertThat(MatcherAssert.java:26)
	at com.taxiforsure.testCases.TaxiForSureTest.commingFromAirportTest(TaxiForSureTest.java:391)
	at sun.reflect.NativeMethodAccessorImpl.invoke0(Native Method)
	at sun.reflect.NativeMethodAccessorImpl.invoke(Unknown Source)
	at sun.reflect.DelegatingMethodAccessorImpl.invoke(Unknown Source)
	at java.lang.reflect.Method.invoke(Unknown Source)
	at org.testng.internal.MethodInvocationHelper.invokeMethod(MethodInvocationHelper.java:84)
	at org.testng.internal.Invoker.invokeMethod(Invoker.java:714)
	at org.testng.internal.Invoker.invokeTestMethod(Invoker.java:901)
	at org.testng.internal.Invoker.invokeTestMethods(Invoker.java:1231)
	at org.testng.internal.TestMethodWorker.invokeTestMethods(TestMethodWorker.java:127)
	at org.testng.internal.TestMethodWorker.run(TestMethodWorker.java:111)
	at org.testng.TestRunner.privateRun(TestRunner.java:767)
	at org.testng.TestRunner.run(TestRunner.java:617)
	at org.testng.SuiteRunner.runTest(SuiteRunner.java:334)
	at org.testng.SuiteRunner.runSequentially(SuiteRunner.java:329)
	at org.testng.SuiteRunner.privateRun(SuiteRunner.java:291)
	at org.testng.SuiteRunner.run(SuiteRunner.java:240)
	at org.testng.SuiteRunnerWorker.runSuite(SuiteRunnerWorker.java:52)
	at org.testng.SuiteRunnerWorker.run(SuiteRunnerWorker.java:86)
	at org.testng.TestNG.runSuitesSequentially(TestNG.java:1224)
	at org.testng.TestNG.runSuitesLocally(TestNG.java:1149)
	at org.testng.TestNG.run(TestNG.java:1057)
	at org.testng.remote.RemoteTestNG.run(RemoteTestNG.java:111)
	at org.testng.remote.RemoteTestNG.initAndRun(RemoteTestNG.java:204)
	at org.testng.remote.RemoteTestNG.main(RemoteTestNG.java:175)
</pre></div></td>
<td>35</td>
<td>com.taxiforsure.testCases.TaxiForSureTest@1cac3d</td></tr>
<tr>
<td title='com.taxiforsure.testCases.TaxiForSureTest.commingFromAirportTest()'><b>commingFromAirportTest</b><br>Test class: com.taxiforsure.testCases.TaxiForSureTest<br>Parameters: Pune, Pune Airport, 30/09/2014, 6:15 a.m., Mokai Vasti,Bavdhan, Sedan, NA, 8892566529, sabyasachi2189@gmail.com<br/>
<a href="#Output-16613854" onClick='toggleBox("Output-16613854", this, "Show output", "Hide output");'>Show output</a>

<a href="#Output-16613854" onClick="toggleAllBoxes();">Show all outputs</a>
<div class='log' id="Output-16613854">
<a href="D:\Projects\TaxiForSureTest\screenshot\commingFromAirportTest().png">  ScreenShot  </a><br/>
</div>
</td>
<td><div><pre>java.lang.AssertionError: Taxilist is missing 
	at org.hamcrest.MatcherAssert.assertThat(MatcherAssert.java:26)
	at com.taxiforsure.testCases.TaxiForSureTest.commingFromAirportTest(TaxiForSureTest.java:391)
... Removed 24 stack frames</pre></div><a href='#' onClick='toggleBox("stack-trace16613854", this, "Click to show all stack frames", "Click to hide stack frames")'>Click to show all stack frames</a>
<div class='stack-trace' id='stack-trace16613854'><pre>java.lang.AssertionError: Taxilist is missing 
	at org.hamcrest.MatcherAssert.assertThat(MatcherAssert.java:26)
	at com.taxiforsure.testCases.TaxiForSureTest.commingFromAirportTest(TaxiForSureTest.java:391)
	at sun.reflect.NativeMethodAccessorImpl.invoke0(Native Method)
	at sun.reflect.NativeMethodAccessorImpl.invoke(Unknown Source)
	at sun.reflect.DelegatingMethodAccessorImpl.invoke(Unknown Source)
	at java.lang.reflect.Method.invoke(Unknown Source)
	at org.testng.internal.MethodInvocationHelper.invokeMethod(MethodInvocationHelper.java:84)
	at org.testng.internal.Invoker.invokeMethod(Invoker.java:714)
	at org.testng.internal.Invoker.invokeTestMethod(Invoker.java:901)
	at org.testng.internal.Invoker.invokeTestMethods(Invoker.java:1231)
	at org.testng.internal.TestMethodWorker.invokeTestMethods(TestMethodWorker.java:127)
	at org.testng.internal.TestMethodWorker.run(TestMethodWorker.java:111)
	at org.testng.TestRunner.privateRun(TestRunner.java:767)
	at org.testng.TestRunner.run(TestRunner.java:617)
	at org.testng.SuiteRunner.runTest(SuiteRunner.java:334)
	at org.testng.SuiteRunner.runSequentially(SuiteRunner.java:329)
	at org.testng.SuiteRunner.privateRun(SuiteRunner.java:291)
	at org.testng.SuiteRunner.run(SuiteRunner.java:240)
	at org.testng.SuiteRunnerWorker.runSuite(SuiteRunnerWorker.java:52)
	at org.testng.SuiteRunnerWorker.run(SuiteRunnerWorker.java:86)
	at org.testng.TestNG.runSuitesSequentially(TestNG.java:1224)
	at org.testng.TestNG.runSuitesLocally(TestNG.java:1149)
	at org.testng.TestNG.run(TestNG.java:1057)
	at org.testng.remote.RemoteTestNG.run(RemoteTestNG.java:111)
	at org.testng.remote.RemoteTestNG.initAndRun(RemoteTestNG.java:204)
	at org.testng.remote.RemoteTestNG.main(RemoteTestNG.java:175)
</pre></div></td>
<td>49</td>
<td>com.taxiforsure.testCases.TaxiForSureTest@1cac3d</td></tr>
<tr>
<td title='com.taxiforsure.testCases.TaxiForSureTest.commingFromAirportTest()'><b>commingFromAirportTest</b><br>Test class: com.taxiforsure.testCases.TaxiForSureTest<br>Parameters: Pune, Pune Airport, 30/09/2014, 6:15 a.m., General Thorat Marg,Khadki, Sedan, NA, 8892566529, sabyasachi2189@gmail.com<br/>
<a href="#Output-7068421" onClick='toggleBox("Output-7068421", this, "Show output", "Hide output");'>Show output</a>

<a href="#Output-7068421" onClick="toggleAllBoxes();">Show all outputs</a>
<div class='log' id="Output-7068421">
<a href="D:\Projects\TaxiForSureTest\screenshot\commingFromAirportTest().png">  ScreenShot  </a><br/>
</div>
</td>
<td><div><pre>java.lang.AssertionError: Taxilist is missing 
	at org.hamcrest.MatcherAssert.assertThat(MatcherAssert.java:26)
	at com.taxiforsure.testCases.TaxiForSureTest.commingFromAirportTest(TaxiForSureTest.java:391)
... Removed 24 stack frames</pre></div><a href='#' onClick='toggleBox("stack-trace7068421", this, "Click to show all stack frames", "Click to hide stack frames")'>Click to show all stack frames</a>
<div class='stack-trace' id='stack-trace7068421'><pre>java.lang.AssertionError: Taxilist is missing 
	at org.hamcrest.MatcherAssert.assertThat(MatcherAssert.java:26)
	at com.taxiforsure.testCases.TaxiForSureTest.commingFromAirportTest(TaxiForSureTest.java:391)
	at sun.reflect.NativeMethodAccessorImpl.invoke0(Native Method)
	at sun.reflect.NativeMethodAccessorImpl.invoke(Unknown Source)
	at sun.reflect.DelegatingMethodAccessorImpl.invoke(Unknown Source)
	at java.lang.reflect.Method.invoke(Unknown Source)
	at org.testng.internal.MethodInvocationHelper.invokeMethod(MethodInvocationHelper.java:84)
	at org.testng.internal.Invoker.invokeMethod(Invoker.java:714)
	at org.testng.internal.Invoker.invokeTestMethod(Invoker.java:901)
	at org.testng.internal.Invoker.invokeTestMethods(Invoker.java:1231)
	at org.testng.internal.TestMethodWorker.invokeTestMethods(TestMethodWorker.java:127)
	at org.testng.internal.TestMethodWorker.run(TestMethodWorker.java:111)
	at org.testng.TestRunner.privateRun(TestRunner.java:767)
	at org.testng.TestRunner.run(TestRunner.java:617)
	at org.testng.SuiteRunner.runTest(SuiteRunner.java:334)
	at org.testng.SuiteRunner.runSequentially(SuiteRunner.java:329)
	at org.testng.SuiteRunner.privateRun(SuiteRunner.java:291)
	at org.testng.SuiteRunner.run(SuiteRunner.java:240)
	at org.testng.SuiteRunnerWorker.runSuite(SuiteRunnerWorker.java:52)
	at org.testng.SuiteRunnerWorker.run(SuiteRunnerWorker.java:86)
	at org.testng.TestNG.runSuitesSequentially(TestNG.java:1224)
	at org.testng.TestNG.runSuitesLocally(TestNG.java:1149)
	at org.testng.TestNG.run(TestNG.java:1057)
	at org.testng.remote.RemoteTestNG.run(RemoteTestNG.java:111)
	at org.testng.remote.RemoteTestNG.initAndRun(RemoteTestNG.java:204)
	at org.testng.remote.RemoteTestNG.main(RemoteTestNG.java:175)
</pre></div></td>
<td>32</td>
<td>com.taxiforsure.testCases.TaxiForSureTest@1cac3d</td></tr>
<tr>
<td title='com.taxiforsure.testCases.TaxiForSureTest.commingFromAirportTest()'><b>commingFromAirportTest</b><br>Test class: com.taxiforsure.testCases.TaxiForSureTest<br>Parameters: Pune, Pune Airport, 30/09/2014, 6:15 a.m., Market Yard,Gultekdi, Sedan, NA, 8892566529, sabyasachi2189@gmail.com<br/>
<a href="#Output-11590339" onClick='toggleBox("Output-11590339", this, "Show output", "Hide output");'>Show output</a>

<a href="#Output-11590339" onClick="toggleAllBoxes();">Show all outputs</a>
<div class='log' id="Output-11590339">
<a href="D:\Projects\TaxiForSureTest\screenshot\commingFromAirportTest().png">  ScreenShot  </a><br/>
</div>
</td>
<td><div><pre>java.lang.AssertionError: Taxilist is missing 
	at org.hamcrest.MatcherAssert.assertThat(MatcherAssert.java:26)
	at com.taxiforsure.testCases.TaxiForSureTest.commingFromAirportTest(TaxiForSureTest.java:391)
... Removed 24 stack frames</pre></div><a href='#' onClick='toggleBox("stack-trace11590339", this, "Click to show all stack frames", "Click to hide stack frames")'>Click to show all stack frames</a>
<div class='stack-trace' id='stack-trace11590339'><pre>java.lang.AssertionError: Taxilist is missing 
	at org.hamcrest.MatcherAssert.assertThat(MatcherAssert.java:26)
	at com.taxiforsure.testCases.TaxiForSureTest.commingFromAirportTest(TaxiForSureTest.java:391)
	at sun.reflect.NativeMethodAccessorImpl.invoke0(Native Method)
	at sun.reflect.NativeMethodAccessorImpl.invoke(Unknown Source)
	at sun.reflect.DelegatingMethodAccessorImpl.invoke(Unknown Source)
	at java.lang.reflect.Method.invoke(Unknown Source)
	at org.testng.internal.MethodInvocationHelper.invokeMethod(MethodInvocationHelper.java:84)
	at org.testng.internal.Invoker.invokeMethod(Invoker.java:714)
	at org.testng.internal.Invoker.invokeTestMethod(Invoker.java:901)
	at org.testng.internal.Invoker.invokeTestMethods(Invoker.java:1231)
	at org.testng.internal.TestMethodWorker.invokeTestMethods(TestMethodWorker.java:127)
	at org.testng.internal.TestMethodWorker.run(TestMethodWorker.java:111)
	at org.testng.TestRunner.privateRun(TestRunner.java:767)
	at org.testng.TestRunner.run(TestRunner.java:617)
	at org.testng.SuiteRunner.runTest(SuiteRunner.java:334)
	at org.testng.SuiteRunner.runSequentially(SuiteRunner.java:329)
	at org.testng.SuiteRunner.privateRun(SuiteRunner.java:291)
	at org.testng.SuiteRunner.run(SuiteRunner.java:240)
	at org.testng.SuiteRunnerWorker.runSuite(SuiteRunnerWorker.java:52)
	at org.testng.SuiteRunnerWorker.run(SuiteRunnerWorker.java:86)
	at org.testng.TestNG.runSuitesSequentially(TestNG.java:1224)
	at org.testng.TestNG.runSuitesLocally(TestNG.java:1149)
	at org.testng.TestNG.run(TestNG.java:1057)
	at org.testng.remote.RemoteTestNG.run(RemoteTestNG.java:111)
	at org.testng.remote.RemoteTestNG.initAndRun(RemoteTestNG.java:204)
	at org.testng.remote.RemoteTestNG.main(RemoteTestNG.java:175)
</pre></div></td>
<td>167</td>
<td>com.taxiforsure.testCases.TaxiForSureTest@1cac3d</td></tr>
</table><p>
<table width='100%' border='1' class='invocation-passed'>
<tr><td colspan='4' align='center'><b>PASSED TESTS</b></td></tr>
<tr><td><b>Test method</b></td>
<td width="30%"><b>Exception</b></td>
<td width="10%"><b>Time (seconds)</b></td>
<td><b>Instance</b></td>
</tr>
<tr>
<td title='com.taxiforsure.testCases.TaxiForSureTest.cityCheckTest()'><b>cityCheckTest</b><br>Test class: com.taxiforsure.testCases.TaxiForSureTest</td>
<td></td>
<td>1</td>
<td>com.taxiforsure.testCases.TaxiForSureTest@1cac3d</td></tr>
<tr>
<td title='com.taxiforsure.testCases.TaxiForSureTest.fairChartTest()'><b>fairChartTest</b><br>Test class: com.taxiforsure.testCases.TaxiForSureTest</td>
<td></td>
<td>1</td>
<td>com.taxiforsure.testCases.TaxiForSureTest@1cac3d</td></tr>
<tr>
<td title='com.taxiforsure.testCases.TaxiForSureTest.goToAirportTest()'><b>goToAirportTest</b><br>Test class: com.taxiforsure.testCases.TaxiForSureTest<br>Parameters: Pune, Pune Airport, 30/09/2014, 6:15 a.m., KVP Sapatnekar Marg,Anand Park,Aundh, Sedan, NA, xyz, abc, 8892566529, sabyasachi2189@gmail.com</td>
<td></td>
<td>96</td>
<td>com.taxiforsure.testCases.TaxiForSureTest@1cac3d</td></tr>
<tr>
<td title='com.taxiforsure.testCases.TaxiForSureTest.goToAirportTest()'><b>goToAirportTest</b><br>Test class: com.taxiforsure.testCases.TaxiForSureTest<br>Parameters: Pune, Pune Airport, 30/09/2014, 6:15 a.m., Mokai Vasti,Bavdhan, Sedan, NA, xyz, abc, 8892566529, sabyasachi2189@gmail.com</td>
<td></td>
<td>94</td>
<td>com.taxiforsure.testCases.TaxiForSureTest@1cac3d</td></tr>
<tr>
<td title='com.taxiforsure.testCases.TaxiForSureTest.goToAirportTest()'><b>goToAirportTest</b><br>Test class: com.taxiforsure.testCases.TaxiForSureTest<br>Parameters: Pune, Pune Airport, 30/09/2014, 6:15 a.m., General Thorat Marg,Khadki, Sedan, NA, xyz, abc, 8892566529, sabyasachi2189@gmail.com</td>
<td></td>
<td>95</td>
<td>com.taxiforsure.testCases.TaxiForSureTest@1cac3d</td></tr>
<tr>
<td title='com.taxiforsure.testCases.TaxiForSureTest.goToAirportTest()'><b>goToAirportTest</b><br>Test class: com.taxiforsure.testCases.TaxiForSureTest<br>Parameters: Pune, Pune Airport, 30/09/2014, 6:15 a.m., Market Yard,Gultekdi, Sedan, NA, xyz, abc, 8892566529, sabyasachi2189@gmail.com</td>
<td></td>
<td>97</td>
<td>com.taxiforsure.testCases.TaxiForSureTest@1cac3d</td></tr>
<tr>
<td title='com.taxiforsure.testCases.TaxiForSureTest.pointToPointBookingTest()'><b>pointToPointBookingTest</b><br>Test class: com.taxiforsure.testCases.TaxiForSureTest<br>Parameters: Pune, KVP Sapatnekar Marg,Anand Park,Aundh, Market Yard,Gultekdi, 30/09/2014, 12:30 p.m., Hatchback, test, abc, 8892566529, sabyasachi2189@gmail.com</td>
<td></td>
<td>107</td>
<td>com.taxiforsure.testCases.TaxiForSureTest@1cac3d</td></tr>
<tr>
<td title='com.taxiforsure.testCases.TaxiForSureTest.pointToPointBookingTest()'><b>pointToPointBookingTest</b><br>Test class: com.taxiforsure.testCases.TaxiForSureTest<br>Parameters: Pune, Mokai Vasti,Bavdhan, General Thorat Marg,Khadki, 30/09/2014, 12:30 p.m., Hatchback, test, abc, 8892566529, sabyasachi2189@gmail.com</td>
<td></td>
<td>105</td>
<td>com.taxiforsure.testCases.TaxiForSureTest@1cac3d</td></tr>
<tr>
<td title='com.taxiforsure.testCases.TaxiForSureTest.pointToPointBookingTest()'><b>pointToPointBookingTest</b><br>Test class: com.taxiforsure.testCases.TaxiForSureTest<br>Parameters: Pune, General Thorat Marg,Khadki, KVP Sapatnekar Marg,Anand Park,Aundh, 30/09/2014, 12:30 p.m., Hatchback, test, abc, 8892566529, sabyasachi2189@gmail.com</td>
<td></td>
<td>143</td>
<td>com.taxiforsure.testCases.TaxiForSureTest@1cac3d</td></tr>
<tr>
<td title='com.taxiforsure.testCases.TaxiForSureTest.pointToPointBookingTest()'><b>pointToPointBookingTest</b><br>Test class: com.taxiforsure.testCases.TaxiForSureTest<br>Parameters: Pune, Market Yard,Gultekdi, Mokai Vasti,Bavdhan, 30/09/2014, 12:30 p.m., Hatchback, test, abc, 8892566529, sabyasachi2189@gmail.com</td>
<td></td>
<td>128</td>
<td>com.taxiforsure.testCases.TaxiForSureTest@1cac3d</td></tr>
</table><p>
</body>
</html>